2014-07-24 02:13:36 [CLIENT] [INFO] Setting user: Player130
2014-07-24 02:13:36 [CLIENT] [INFO] LWJGL Version: 2.9.0
2014-07-24 02:13:37 [CLIENT] [INFO] Reloading ResourceManager: Default
2014-07-24 02:13:38 [CLIENT] [INFO] Reloading ResourceManager: Default, FMLFileResourcePack:Forge Mod Loader, FMLFileResourcePack:Minecraft Forge, FMLFileResourcePack:Example Mod, FMLFileResourcePack:More Reliquaries
2014-07-24 02:13:39 [CLIENT] [SEVERE] Using missing texture, unable to load: morereliquaries:textures/blocks/oreDivine.png
2014-07-24 02:13:39 [CLIENT] [INFO] Reloading ResourceManager: Default, FMLFileResourcePack:Forge Mod Loader, FMLFileResourcePack:Minecraft Forge, FMLFileResourcePack:Example Mod, FMLFileResourcePack:More Reliquaries
2014-07-24 02:13:40 [CLIENT] [SEVERE] Using missing texture, unable to load: morereliquaries:textures/blocks/oreDivine.png
2014-07-24 02:13:41 [CLIENT] [SEVERE] Realms: Server not available!
2014-07-24 02:19:44 [CLIENT] [INFO] Stopping!
2014-07-24 02:19:47 [CLIENT] [INFO] Setting user: Player765
2014-07-24 02:19:48 [CLIENT] [INFO] LWJGL Version: 2.9.0
2014-07-24 02:19:48 [CLIENT] [INFO] Reloading ResourceManager: Default
2014-07-24 02:19:50 [CLIENT] [INFO] Reloading ResourceManager: Default, FMLFileResourcePack:Forge Mod Loader, FMLFileResourcePack:Minecraft Forge, FMLFileResourcePack:Example Mod, FMLFileResourcePack:More Reliquaries
2014-07-24 03:34:42 [CLIENT] [INFO] Setting user: Player611
2014-07-24 03:34:43 [CLIENT] [INFO] LWJGL Version: 2.9.0
2014-07-24 03:34:43 [CLIENT] [INFO] Reloading ResourceManager: Default
2014-07-24 03:34:45 [CLIENT] [INFO] Reloading ResourceManager: Default, FMLFileResourcePack:Forge Mod Loader, FMLFileResourcePack:Minecraft Forge, FMLFileResourcePack:Example Mod, FMLFileResourcePack:More Reliquaries
2014-07-24 03:35:14 [CLIENT] [INFO] Setting user: Player866
2014-07-24 03:35:15 [CLIENT] [INFO] LWJGL Version: 2.9.0
2014-07-24 03:35:15 [CLIENT] [INFO] Reloading ResourceManager: Default
2014-07-24 03:35:17 [CLIENT] [INFO] Reloading ResourceManager: Default, FMLFileResourcePack:Forge Mod Loader, FMLFileResourcePack:Minecraft Forge, FMLFileResourcePack:Example Mod, FMLFileResourcePack:More Reliquaries
2014-07-24 03:35:18 [CLIENT] [INFO] Reloading ResourceManager: Default, FMLFileResourcePack:Forge Mod Loader, FMLFileResourcePack:Minecraft Forge, FMLFileResourcePack:Example Mod, FMLFileResourcePack:More Reliquaries
2014-07-24 03:35:19 [CLIENT] [SEVERE] Realms: Server not available!
2014-07-24 03:36:38 [CLIENT] [INFO] [CHAT] Set the time to 13000
2014-07-24 03:38:15 [CLIENT] [INFO] [CHAT] Set the time to 0
2014-07-24 03:41:18 [CLIENT] [INFO] Stopping!
2014-07-24 03:41:35 [CLIENT] [INFO] Setting user: Player280
2014-07-24 03:41:35 [CLIENT] [INFO] LWJGL Version: 2.9.0
2014-07-24 03:41:36 [CLIENT] [INFO] Reloading ResourceManager: Default
2014-07-24 03:41:38 [CLIENT] [INFO] Reloading ResourceManager: Default, FMLFileResourcePack:Forge Mod Loader, FMLFileResourcePack:Minecraft Forge, FMLFileResourcePack:Example Mod, FMLFileResourcePack:More Reliquaries
2014-07-24 03:41:38 [CLIENT] [INFO] Reloading ResourceManager: Default, FMLFileResourcePack:Forge Mod Loader, FMLFileResourcePack:Minecraft Forge, FMLFileResourcePack:Example Mod, FMLFileResourcePack:More Reliquaries
2014-07-24 03:41:40 [CLIENT] [SEVERE] Realms: Server not available!
2014-07-24 03:42:01 [CLIENT] [INFO] [CHAT] Set the time to 13000
2014-07-24 03:47:23 [CLIENT] [INFO] Stopping!
2014-07-24 03:47:46 [CLIENT] [INFO] Setting user: Player407
2014-07-24 03:47:46 [CLIENT] [INFO] LWJGL Version: 2.9.0
2014-07-24 03:47:47 [CLIENT] [INFO] Reloading ResourceManager: Default
2014-07-24 03:47:49 [CLIENT] [INFO] Reloading ResourceManager: Default, FMLFileResourcePack:Forge Mod Loader, FMLFileResourcePack:Minecraft Forge, FMLFileResourcePack:Example Mod, FMLFileResourcePack:More Reliquaries
2014-07-24 03:47:50 [CLIENT] [INFO] Reloading ResourceManager: Default, FMLFileResourcePack:Forge Mod Loader, FMLFileResourcePack:Minecraft Forge, FMLFileResourcePack:Example Mod, FMLFileResourcePack:More Reliquaries
2014-07-24 03:47:51 [CLIENT] [SEVERE] Realms: Server not available!
2014-07-24 03:48:10 [CLIENT] [INFO] Stopping!
2014-07-24 04:11:37 [CLIENT] [INFO] Setting user: Player74
2014-07-24 04:11:37 [CLIENT] [INFO] LWJGL Version: 2.9.0
2014-07-24 04:11:38 [CLIENT] [INFO] Reloading ResourceManager: Default
2014-07-24 04:11:40 [CLIENT] [INFO] Reloading ResourceManager: Default, FMLFileResourcePack:Forge Mod Loader, FMLFileResourcePack:Minecraft Forge, FMLFileResourcePack:Example Mod, FMLFileResourcePack:More Reliquaries
2014-07-24 04:11:40 [CLIENT] [SEVERE] Using missing texture, unable to load: morereliquaries:textures/blocks/divine_log_coeur.png
2014-07-24 04:11:40 [CLIENT] [SEVERE] Using missing texture, unable to load: morereliquaries:textures/blocks/divine_log_side.png
2014-07-24 04:11:40 [CLIENT] [INFO] Reloading ResourceManager: Default, FMLFileResourcePack:Forge Mod Loader, FMLFileResourcePack:Minecraft Forge, FMLFileResourcePack:Example Mod, FMLFileResourcePack:More Reliquaries
2014-07-24 04:11:40 [CLIENT] [SEVERE] Using missing texture, unable to load: morereliquaries:textures/blocks/divine_log_coeur.png
2014-07-24 04:11:41 [CLIENT] [SEVERE] Using missing texture, unable to load: morereliquaries:textures/blocks/divine_log_side.png
2014-07-24 04:11:42 [CLIENT] [SEVERE] Realms: Server not available!
2014-07-24 04:12:03 [CLIENT] [INFO] [CHAT] /gamemode, /give, /gamerule
2014-07-24 04:12:04 [CLIENT] [INFO] [CHAT] Your game mode has been updated
2014-07-24 04:18:40 [CLIENT] [INFO] Setting user: Player424
2014-07-24 04:18:41 [CLIENT] [INFO] LWJGL Version: 2.9.0
2014-07-24 04:18:41 [CLIENT] [INFO] Reloading ResourceManager: Default
2014-07-24 04:18:43 [CLIENT] [INFO] Reloading ResourceManager: Default, FMLFileResourcePack:Forge Mod Loader, FMLFileResourcePack:Minecraft Forge, FMLFileResourcePack:Example Mod, FMLFileResourcePack:More Reliquaries
2014-07-24 04:18:43 [CLIENT] [SEVERE] Using missing texture, unable to load: morereliquaries:textures/blocks/divine_log_coeur.png
2014-07-24 04:18:43 [CLIENT] [SEVERE] Using missing texture, unable to load: morereliquaries:textures/blocks/divine_log_side.png
2014-07-24 04:18:43 [CLIENT] [INFO] Reloading ResourceManager: Default, FMLFileResourcePack:Forge Mod Loader, FMLFileResourcePack:Minecraft Forge, FMLFileResourcePack:Example Mod, FMLFileResourcePack:More Reliquaries
2014-07-24 04:18:44 [CLIENT] [SEVERE] Using missing texture, unable to load: morereliquaries:textures/blocks/divine_log_coeur.png
2014-07-24 04:18:44 [CLIENT] [SEVERE] Using missing texture, unable to load: morereliquaries:textures/blocks/divine_log_side.png
2014-07-24 04:18:45 [CLIENT] [SEVERE] Realms: Server not available!
2014-07-24 04:18:56 [CLIENT] [INFO] [CHAT] /gamemode, /give, /gamerule
2014-07-24 04:18:58 [CLIENT] [INFO] [CHAT] Your game mode has been updated
2014-07-24 04:20:03 [CLIENT] [INFO] [CHAT] Your game mode has been updated
2014-07-24 04:22:11 [CLIENT] [INFO] Stopping!
2014-07-24 04:28:34 [CLIENT] [INFO] Setting user: Player171
2014-07-24 04:28:34 [CLIENT] [INFO] LWJGL Version: 2.9.0
2014-07-24 04:28:35 [CLIENT] [INFO] Reloading ResourceManager: Default
2014-07-24 04:28:37 [CLIENT] [INFO] Reloading ResourceManager: Default, FMLFileResourcePack:Forge Mod Loader, FMLFileResourcePack:Minecraft Forge, FMLFileResourcePack:Example Mod, FMLFileResourcePack:More Reliquaries
2014-07-24 04:28:37 [CLIENT] [SEVERE] Using missing texture, unable to load: morereliquaries:textures/blocks/divine_log_side.png
2014-07-24 04:28:37 [CLIENT] [INFO] Reloading ResourceManager: Default, FMLFileResourcePack:Forge Mod Loader, FMLFileResourcePack:Minecraft Forge, FMLFileResourcePack:Example Mod, FMLFileResourcePack:More Reliquaries
2014-07-24 04:28:37 [CLIENT] [SEVERE] Using missing texture, unable to load: morereliquaries:textures/blocks/divine_log_side.png
2014-07-24 04:28:38 [CLIENT] [SEVERE] Realms: Server not available!
2014-07-24 04:28:51 [CLIENT] [INFO] [CHAT] /gamemode, /give, /gamerule
2014-07-24 04:28:52 [CLIENT] [INFO] [CHAT] Your game mode has been updated
2014-07-24 04:35:33 [CLIENT] [INFO] Stopping!
2014-07-24 04:35:37 [CLIENT] [INFO] Setting user: Player554
2014-07-24 04:35:38 [CLIENT] [INFO] LWJGL Version: 2.9.0
2014-07-24 04:35:38 [CLIENT] [INFO] Reloading ResourceManager: Default
2014-07-24 04:35:40 [CLIENT] [INFO] Reloading ResourceManager: Default, FMLFileResourcePack:Forge Mod Loader, FMLFileResourcePack:Minecraft Forge, FMLFileResourcePack:Example Mod, FMLFileResourcePack:More Reliquaries
2014-07-24 04:35:40 [CLIENT] [SEVERE] Using missing texture, unable to load: morereliquaries:textures/blocks/divine_log_jungle_top.png
2014-07-24 04:35:40 [CLIENT] [SEVERE] Using missing texture, unable to load: morereliquaries:textures/blocks/divine_log_birch_top.png
2014-07-24 04:35:40 [CLIENT] [SEVERE] Using missing texture, unable to load: morereliquaries:textures/blocks/divine_log_spruce_top.png
2014-07-24 04:35:40 [CLIENT] [SEVERE] Using missing texture, unable to load: morereliquaries:textures/blocks/divine_log_birch.png
2014-07-24 04:35:40 [CLIENT] [SEVERE] Using missing texture, unable to load: morereliquaries:textures/blocks/divine_log_oak.png
2014-07-24 04:35:40 [CLIENT] [SEVERE] Using missing texture, unable to load: morereliquaries:textures/blocks/divine_log_oak_top.png
2014-07-24 04:35:40 [CLIENT] [SEVERE] Using missing texture, unable to load: morereliquaries:textures/blocks/divine_log_spruce.png
2014-07-24 04:35:40 [CLIENT] [SEVERE] Using missing texture, unable to load: morereliquaries:textures/blocks/divine_log_jungle.png
2014-07-24 04:35:41 [CLIENT] [INFO] Reloading ResourceManager: Default, FMLFileResourcePack:Forge Mod Loader, FMLFileResourcePack:Minecraft Forge, FMLFileResourcePack:Example Mod, FMLFileResourcePack:More Reliquaries
2014-07-24 04:35:41 [CLIENT] [SEVERE] Using missing texture, unable to load: morereliquaries:textures/blocks/divine_log_jungle_top.png
2014-07-24 04:35:41 [CLIENT] [SEVERE] Using missing texture, unable to load: morereliquaries:textures/blocks/divine_log_birch_top.png
2014-07-24 04:35:41 [CLIENT] [SEVERE] Using missing texture, unable to load: morereliquaries:textures/blocks/divine_log_spruce_top.png
2014-07-24 04:35:41 [CLIENT] [SEVERE] Using missing texture, unable to load: morereliquaries:textures/blocks/divine_log_birch.png
2014-07-24 04:35:41 [CLIENT] [SEVERE] Using missing texture, unable to load: morereliquaries:textures/blocks/divine_log_oak.png
2014-07-24 04:35:41 [CLIENT] [SEVERE] Using missing texture, unable to load: morereliquaries:textures/blocks/divine_log_oak_top.png
2014-07-24 04:35:41 [CLIENT] [SEVERE] Using missing texture, unable to load: morereliquaries:textures/blocks/divine_log_spruce.png
2014-07-24 04:35:41 [CLIENT] [SEVERE] Using missing texture, unable to load: morereliquaries:textures/blocks/divine_log_jungle.png
2014-07-24 04:35:42 [CLIENT] [SEVERE] Realms: Server not available!
2014-07-24 04:40:47 [CLIENT] [INFO] Stopping!
2014-07-24 10:43:32 [CLIENT] [INFO] Setting user: Player695
2014-07-24 10:43:33 [CLIENT] [INFO] LWJGL Version: 2.9.0
2014-07-24 10:43:34 [CLIENT] [INFO] Reloading ResourceManager: Default
2014-07-24 10:43:36 [CLIENT] [INFO] Reloading ResourceManager: Default, FMLFileResourcePack:Forge Mod Loader, FMLFileResourcePack:Minecraft Forge, FMLFileResourcePack:Example Mod, FMLFileResourcePack:More Reliquaries
2014-07-24 10:43:36 [CLIENT] [SEVERE] Using missing texture, unable to load: morereliquaries:textures/blocks/divine_log_top.png
2014-07-24 10:43:36 [CLIENT] [SEVERE] Using missing texture, unable to load: morereliquaries:textures/blocks/divine_log.png
2014-07-24 10:43:36 [CLIENT] [SEVERE] Using missing texture, unable to load: morereliquaries:textures/blocks/ore_divine.png
2014-07-24 10:43:36 [CLIENT] [INFO] Reloading ResourceManager: Default, FMLFileResourcePack:Forge Mod Loader, FMLFileResourcePack:Minecraft Forge, FMLFileResourcePack:Example Mod, FMLFileResourcePack:More Reliquaries
2014-07-24 10:43:36 [CLIENT] [SEVERE] Using missing texture, unable to load: morereliquaries:textures/blocks/divine_log_top.png
2014-07-24 10:43:36 [CLIENT] [SEVERE] Using missing texture, unable to load: morereliquaries:textures/blocks/divine_log.png
2014-07-24 10:43:36 [CLIENT] [SEVERE] Using missing texture, unable to load: morereliquaries:textures/blocks/ore_divine.png
2014-07-24 10:43:38 [CLIENT] [SEVERE] Realms: Server not available!
2014-07-24 10:52:58 [CLIENT] [INFO] Stopping!
2014-07-24 18:46:56 [CLIENT] [INFO] Setting user: Player236
2014-07-24 18:46:56 [CLIENT] [INFO] LWJGL Version: 2.9.0
2014-07-24 18:46:57 [CLIENT] [INFO] Reloading ResourceManager: Default
2014-07-24 18:46:59 [CLIENT] [INFO] Reloading ResourceManager: Default, FMLFileResourcePack:Forge Mod Loader, FMLFileResourcePack:Minecraft Forge, FMLFileResourcePack:Example Mod, FMLFileResourcePack:More Reliquaries
2014-07-24 18:46:59 [CLIENT] [SEVERE] Using missing texture, unable to load: morereliquaries:textures/blocks/divine_log_top.png
2014-07-24 18:46:59 [CLIENT] [SEVERE] Using missing texture, unable to load: morereliquaries:textures/blocks/divine_sapling.png
2014-07-24 18:46:59 [CLIENT] [SEVERE] Using missing texture, unable to load: morereliquaries:textures/blocks/divine_leaves.png
2014-07-24 18:46:59 [CLIENT] [SEVERE] Using missing texture, unable to load: morereliquaries:textures/blocks/divine_log.png
2014-07-24 18:46:59 [CLIENT] [SEVERE] Using missing texture, unable to load: morereliquaries:textures/blocks/divine_dirt.png
2014-07-24 18:46:59 [CLIENT] [SEVERE] Using missing texture, unable to load: morereliquaries:textures/blocks/ore_divine.png
2014-07-24 18:47:00 [CLIENT] [INFO] Reloading ResourceManager: Default, FMLFileResourcePack:Forge Mod Loader, FMLFileResourcePack:Minecraft Forge, FMLFileResourcePack:Example Mod, FMLFileResourcePack:More Reliquaries
2014-07-24 18:47:00 [CLIENT] [SEVERE] Using missing texture, unable to load: morereliquaries:textures/blocks/divine_log_top.png
2014-07-24 18:47:00 [CLIENT] [SEVERE] Using missing texture, unable to load: morereliquaries:textures/blocks/divine_sapling.png
2014-07-24 18:47:00 [CLIENT] [SEVERE] Using missing texture, unable to load: morereliquaries:textures/blocks/divine_leaves.png
2014-07-24 18:47:00 [CLIENT] [SEVERE] Using missing texture, unable to load: morereliquaries:textures/blocks/divine_log.png
2014-07-24 18:47:00 [CLIENT] [SEVERE] Using missing texture, unable to load: morereliquaries:textures/blocks/divine_dirt.png
2014-07-24 18:47:00 [CLIENT] [SEVERE] Using missing texture, unable to load: morereliquaries:textures/blocks/ore_divine.png
2014-07-24 18:47:01 [CLIENT] [SEVERE] Realms: Server not available!
2014-07-24 18:50:23 [CLIENT] [INFO] Stopping!
2014-07-24 18:50:28 [CLIENT] [INFO] Setting user: Player407
2014-07-24 18:50:29 [CLIENT] [INFO] LWJGL Version: 2.9.0
2014-07-24 18:50:29 [CLIENT] [INFO] Reloading ResourceManager: Default
2014-07-24 18:50:31 [CLIENT] [INFO] Reloading ResourceManager: Default, FMLFileResourcePack:Forge Mod Loader, FMLFileResourcePack:Minecraft Forge, FMLFileResourcePack:Example Mod, FMLFileResourcePack:More Reliquaries
2014-07-24 18:50:31 [CLIENT] [SEVERE] Using missing texture, unable to load: morereliquaries:textures/blocks/divine_log_top.png
2014-07-24 18:50:31 [CLIENT] [SEVERE] Using missing texture, unable to load: morereliquaries:textures/blocks/divine_sapling.png
2014-07-24 18:50:31 [CLIENT] [SEVERE] Using missing texture, unable to load: morereliquaries:textures/blocks/divine_leaves.png
2014-07-24 18:50:31 [CLIENT] [SEVERE] Using missing texture, unable to load: morereliquaries:textures/blocks/divine_log.png
2014-07-24 18:50:31 [CLIENT] [SEVERE] Using missing texture, unable to load: morereliquaries:textures/blocks/ore_divine.png
2014-07-24 18:50:32 [CLIENT] [INFO] Reloading ResourceManager: Default, FMLFileResourcePack:Forge Mod Loader, FMLFileResourcePack:Minecraft Forge, FMLFileResourcePack:Example Mod, FMLFileResourcePack:More Reliquaries
2014-07-24 18:50:32 [CLIENT] [SEVERE] Using missing texture, unable to load: morereliquaries:textures/blocks/divine_log_top.png
2014-07-24 18:50:32 [CLIENT] [SEVERE] Using missing texture, unable to load: morereliquaries:textures/blocks/divine_sapling.png
2014-07-24 18:50:32 [CLIENT] [SEVERE] Using missing texture, unable to load: morereliquaries:textures/blocks/divine_leaves.png
2014-07-24 18:50:32 [CLIENT] [SEVERE] Using missing texture, unable to load: morereliquaries:textures/blocks/divine_log.png
2014-07-24 18:50:32 [CLIENT] [SEVERE] Using missing texture, unable to load: morereliquaries:textures/blocks/ore_divine.png
2014-07-24 18:50:33 [CLIENT] [SEVERE] Realms: Server not available!
2014-07-24 18:53:09 [CLIENT] [INFO] Setting user: Player245
2014-07-24 18:53:09 [CLIENT] [INFO] LWJGL Version: 2.9.0
2014-07-24 18:53:10 [CLIENT] [INFO] Reloading ResourceManager: Default
2014-07-24 18:53:12 [CLIENT] [INFO] Reloading ResourceManager: Default, FMLFileResourcePack:Forge Mod Loader, FMLFileResourcePack:Minecraft Forge, FMLFileResourcePack:Example Mod, FMLFileResourcePack:More Reliquaries
2014-07-24 18:53:12 [CLIENT] [SEVERE] Using missing texture, unable to load: morereliquaries:textures/blocks/divine_log_top.png
2014-07-24 18:53:12 [CLIENT] [SEVERE] Using missing texture, unable to load: morereliquaries:textures/blocks/divine_sapling.png
2014-07-24 18:53:12 [CLIENT] [SEVERE] Using missing texture, unable to load: morereliquaries:textures/blocks/divine_leaves.png
2014-07-24 18:53:12 [CLIENT] [SEVERE] Using missing texture, unable to load: morereliquaries:textures/blocks/divine_log.png
2014-07-24 18:53:12 [CLIENT] [SEVERE] Using missing texture, unable to load: morereliquaries:textures/blocks/ore_divine.png
2014-07-24 18:53:13 [CLIENT] [INFO] Reloading ResourceManager: Default, FMLFileResourcePack:Forge Mod Loader, FMLFileResourcePack:Minecraft Forge, FMLFileResourcePack:Example Mod, FMLFileResourcePack:More Reliquaries
2014-07-24 18:53:13 [CLIENT] [SEVERE] Using missing texture, unable to load: morereliquaries:textures/blocks/divine_log_top.png
2014-07-24 18:53:13 [CLIENT] [SEVERE] Using missing texture, unable to load: morereliquaries:textures/blocks/divine_sapling.png
2014-07-24 18:53:13 [CLIENT] [SEVERE] Using missing texture, unable to load: morereliquaries:textures/blocks/divine_leaves.png
2014-07-24 18:53:13 [CLIENT] [SEVERE] Using missing texture, unable to load: morereliquaries:textures/blocks/divine_log.png
2014-07-24 18:53:13 [CLIENT] [SEVERE] Using missing texture, unable to load: morereliquaries:textures/blocks/ore_divine.png
2014-07-24 18:53:14 [CLIENT] [SEVERE] Realms: Server not available!
2014-07-24 19:09:09 [CLIENT] [INFO] Setting user: Player576
2014-07-24 19:09:10 [CLIENT] [INFO] LWJGL Version: 2.9.0
2014-07-24 19:09:10 [CLIENT] [INFO] Reloading ResourceManager: Default
2014-07-24 19:09:12 [CLIENT] [INFO] Reloading ResourceManager: Default, FMLFileResourcePack:Forge Mod Loader, FMLFileResourcePack:Minecraft Forge, FMLFileResourcePack:Example Mod, FMLFileResourcePack:More Reliquaries
2014-07-24 19:09:13 [CLIENT] [SEVERE] Using missing texture, unable to load: morereliquaries:textures/blocks/divine_log_top.png
2014-07-24 19:09:13 [CLIENT] [SEVERE] Using missing texture, unable to load: morereliquaries:textures/blocks/divine_leaves.png
2014-07-24 19:09:13 [CLIENT] [SEVERE] Using missing texture, unable to load: morereliquaries:textures/blocks/divine_log.png
2014-07-24 19:09:13 [CLIENT] [SEVERE] Using missing texture, unable to load: nanotechmod:textures/blocks/sapling.png
2014-07-24 19:09:13 [CLIENT] [SEVERE] Using missing texture, unable to load: morereliquaries:textures/blocks/ore_divine.png
2014-07-24 19:09:13 [CLIENT] [INFO] Reloading ResourceManager: Default, FMLFileResourcePack:Forge Mod Loader, FMLFileResourcePack:Minecraft Forge, FMLFileResourcePack:Example Mod, FMLFileResourcePack:More Reliquaries
2014-07-24 19:09:13 [CLIENT] [SEVERE] Using missing texture, unable to load: morereliquaries:textures/blocks/divine_log_top.png
2014-07-24 19:09:13 [CLIENT] [SEVERE] Using missing texture, unable to load: morereliquaries:textures/blocks/divine_leaves.png
2014-07-24 19:09:13 [CLIENT] [SEVERE] Using missing texture, unable to load: morereliquaries:textures/blocks/divine_log.png
2014-07-24 19:09:13 [CLIENT] [SEVERE] Using missing texture, unable to load: nanotechmod:textures/blocks/sapling.png
2014-07-24 19:09:13 [CLIENT] [SEVERE] Using missing texture, unable to load: morereliquaries:textures/blocks/ore_divine.png
2014-07-24 19:09:14 [CLIENT] [SEVERE] Realms: Server not available!
2014-07-24 19:09:46 [CLIENT] [INFO] [CHAT] /gamemode, /give, /gamerule
2014-07-24 19:09:47 [CLIENT] [INFO] [CHAT] Your game mode has been updated
2014-07-24 19:09:58 [CLIENT] [INFO] [CHAT] Your game mode has been updated
2014-07-24 19:10:04 [CLIENT] [INFO] [CHAT] Your game mode has been updated
2014-07-24 19:12:00 [CLIENT] [INFO] Setting user: Player33
2014-07-24 19:12:00 [CLIENT] [INFO] LWJGL Version: 2.9.0
2014-07-24 19:12:01 [CLIENT] [INFO] Reloading ResourceManager: Default
2014-07-24 19:12:03 [CLIENT] [INFO] Reloading ResourceManager: Default, FMLFileResourcePack:Forge Mod Loader, FMLFileResourcePack:Minecraft Forge, FMLFileResourcePack:Example Mod, FMLFileResourcePack:More Reliquaries
2014-07-24 19:12:03 [CLIENT] [SEVERE] Using missing texture, unable to load: morereliquaries:textures/blocks/divine_log_top.png
2014-07-24 19:12:03 [CLIENT] [SEVERE] Using missing texture, unable to load: morereliquaries:textures/blocks/divine_leaves.png
2014-07-24 19:12:03 [CLIENT] [SEVERE] Using missing texture, unable to load: morereliquaries:textures/blocks/divine_log.png
2014-07-24 19:12:03 [CLIENT] [SEVERE] Using missing texture, unable to load: nanotechmod:textures/blocks/sapling.png
2014-07-24 19:12:03 [CLIENT] [SEVERE] Using missing texture, unable to load: morereliquaries:textures/blocks/ore_divine.png
2014-07-24 19:12:03 [CLIENT] [INFO] Reloading ResourceManager: Default, FMLFileResourcePack:Forge Mod Loader, FMLFileResourcePack:Minecraft Forge, FMLFileResourcePack:Example Mod, FMLFileResourcePack:More Reliquaries
2014-07-24 19:12:03 [CLIENT] [SEVERE] Using missing texture, unable to load: morereliquaries:textures/blocks/divine_log_top.png
2014-07-24 19:12:03 [CLIENT] [SEVERE] Using missing texture, unable to load: morereliquaries:textures/blocks/divine_leaves.png
2014-07-24 19:12:03 [CLIENT] [SEVERE] Using missing texture, unable to load: morereliquaries:textures/blocks/divine_log.png
2014-07-24 19:12:03 [CLIENT] [SEVERE] Using missing texture, unable to load: nanotechmod:textures/blocks/sapling.png
2014-07-24 19:12:03 [CLIENT] [SEVERE] Using missing texture, unable to load: morereliquaries:textures/blocks/ore_divine.png
2014-07-24 19:12:05 [CLIENT] [SEVERE] Realms: Server not available!
2014-07-24 19:13:31 [CLIENT] [INFO] [CHAT] Teleported Player33 to 680.190390451075,117.89907214718261,101220.15643181563
2014-07-24 19:14:56 [CLIENT] [INFO] [CHAT] Teleported Player33 to 1680.7351020431845,67.73941602216549,202230.8952344483
2014-07-24 19:15:08 [CLIENT] [INFO] [CHAT] Teleported Player33 to 2680.7351020431843,68.22808123807171,303240.8952344483
2014-07-24 19:15:35 [CLIENT] [INFO] [CHAT] Teleported Player33 to 3680.7351020431843,71.60256519236623,404250.8952344483
2014-07-24 19:17:16 [CLIENT] [INFO] Setting user: Player977
2014-07-24 19:17:16 [CLIENT] [INFO] LWJGL Version: 2.9.0
2014-07-24 19:17:16 [CLIENT] [INFO] Reloading ResourceManager: Default
2014-07-24 19:17:19 [CLIENT] [INFO] Reloading ResourceManager: Default, FMLFileResourcePack:Forge Mod Loader, FMLFileResourcePack:Minecraft Forge, FMLFileResourcePack:Example Mod, FMLFileResourcePack:More Reliquaries
2014-07-24 19:17:19 [CLIENT] [SEVERE] Using missing texture, unable to load: morereliquaries:textures/blocks/divine_log_top.png
2014-07-24 19:17:19 [CLIENT] [SEVERE] Using missing texture, unable to load: morereliquaries:textures/blocks/divine_leaves.png
2014-07-24 19:17:19 [CLIENT] [SEVERE] Using missing texture, unable to load: morereliquaries:textures/blocks/divine_log.png
2014-07-24 19:17:19 [CLIENT] [SEVERE] Using missing texture, unable to load: nanotechmod:textures/blocks/sapling.png
2014-07-24 19:17:19 [CLIENT] [SEVERE] Using missing texture, unable to load: morereliquaries:textures/blocks/ore_divine.png
2014-07-24 19:17:19 [CLIENT] [INFO] Reloading ResourceManager: Default, FMLFileResourcePack:Forge Mod Loader, FMLFileResourcePack:Minecraft Forge, FMLFileResourcePack:Example Mod, FMLFileResourcePack:More Reliquaries
2014-07-24 19:17:19 [CLIENT] [SEVERE] Using missing texture, unable to load: morereliquaries:textures/blocks/divine_log_top.png
2014-07-24 19:17:19 [CLIENT] [SEVERE] Using missing texture, unable to load: morereliquaries:textures/blocks/divine_leaves.png
2014-07-24 19:17:19 [CLIENT] [SEVERE] Using missing texture, unable to load: morereliquaries:textures/blocks/divine_log.png
2014-07-24 19:17:19 [CLIENT] [SEVERE] Using missing texture, unable to load: nanotechmod:textures/blocks/sapling.png
2014-07-24 19:17:19 [CLIENT] [SEVERE] Using missing texture, unable to load: morereliquaries:textures/blocks/ore_divine.png
2014-07-24 19:17:20 [CLIENT] [SEVERE] Realms: Server not available!
2014-07-24 19:18:10 [CLIENT] [WARNING] Memory connection overburdened; after processing 2500 packets, we still have 448 to go!
2014-07-24 19:19:10 [CLIENT] [INFO] Setting user: Player982
2014-07-24 19:19:10 [CLIENT] [INFO] LWJGL Version: 2.9.0
2014-07-24 19:19:11 [CLIENT] [INFO] Reloading ResourceManager: Default
2014-07-24 19:19:13 [CLIENT] [INFO] Reloading ResourceManager: Default, FMLFileResourcePack:Forge Mod Loader, FMLFileResourcePack:Minecraft Forge, FMLFileResourcePack:Example Mod, FMLFileResourcePack:More Reliquaries
2014-07-24 19:19:13 [CLIENT] [SEVERE] Using missing texture, unable to load: morereliquaries:textures/blocks/divine_log_top.png
2014-07-24 19:19:13 [CLIENT] [SEVERE] Using missing texture, unable to load: morereliquaries:textures/blocks/divine_leaves.png
2014-07-24 19:19:13 [CLIENT] [SEVERE] Using missing texture, unable to load: morereliquaries:textures/blocks/divine_log.png
2014-07-24 19:19:13 [CLIENT] [SEVERE] Using missing texture, unable to load: nanotechmod:textures/blocks/sapling.png
2014-07-24 19:19:13 [CLIENT] [SEVERE] Using missing texture, unable to load: morereliquaries:textures/blocks/ore_divine.png
2014-07-24 19:19:13 [CLIENT] [INFO] Reloading ResourceManager: Default, FMLFileResourcePack:Forge Mod Loader, FMLFileResourcePack:Minecraft Forge, FMLFileResourcePack:Example Mod, FMLFileResourcePack:More Reliquaries
2014-07-24 19:19:13 [CLIENT] [SEVERE] Using missing texture, unable to load: morereliquaries:textures/blocks/divine_log_top.png
2014-07-24 19:19:13 [CLIENT] [SEVERE] Using missing texture, unable to load: morereliquaries:textures/blocks/divine_leaves.png
2014-07-24 19:19:13 [CLIENT] [SEVERE] Using missing texture, unable to load: morereliquaries:textures/blocks/divine_log.png
2014-07-24 19:19:13 [CLIENT] [SEVERE] Using missing texture, unable to load: nanotechmod:textures/blocks/sapling.png
2014-07-24 19:19:13 [CLIENT] [SEVERE] Using missing texture, unable to load: morereliquaries:textures/blocks/ore_divine.png
2014-07-24 19:19:14 [CLIENT] [SEVERE] Realms: Server not available!
2014-07-24 19:19:43 [CLIENT] [INFO] [CHAT] Teleported Player982 to 23.5,11.5,36.5
2014-07-24 19:21:09 [CLIENT] [INFO] Setting user: Player946
2014-07-24 19:21:09 [CLIENT] [INFO] LWJGL Version: 2.9.0
2014-07-24 19:21:10 [CLIENT] [INFO] Reloading ResourceManager: Default
2014-07-24 19:21:12 [CLIENT] [INFO] Reloading ResourceManager: Default, FMLFileResourcePack:Forge Mod Loader, FMLFileResourcePack:Minecraft Forge, FMLFileResourcePack:Example Mod, FMLFileResourcePack:More Reliquaries
2014-07-24 19:21:12 [CLIENT] [SEVERE] Using missing texture, unable to load: morereliquaries:textures/blocks/divine_log_top.png
2014-07-24 19:21:12 [CLIENT] [SEVERE] Using missing texture, unable to load: morereliquaries:textures/blocks/divine_leaves.png
2014-07-24 19:21:12 [CLIENT] [SEVERE] Using missing texture, unable to load: morereliquaries:textures/blocks/divine_log.png
2014-07-24 19:21:12 [CLIENT] [SEVERE] Using missing texture, unable to load: nanotechmod:textures/blocks/sapling.png
2014-07-24 19:21:12 [CLIENT] [SEVERE] Using missing texture, unable to load: morereliquaries:textures/blocks/ore_divine.png
2014-07-24 19:21:13 [CLIENT] [INFO] Reloading ResourceManager: Default, FMLFileResourcePack:Forge Mod Loader, FMLFileResourcePack:Minecraft Forge, FMLFileResourcePack:Example Mod, FMLFileResourcePack:More Reliquaries
2014-07-24 19:21:13 [CLIENT] [SEVERE] Using missing texture, unable to load: morereliquaries:textures/blocks/divine_log_top.png
2014-07-24 19:21:13 [CLIENT] [SEVERE] Using missing texture, unable to load: morereliquaries:textures/blocks/divine_leaves.png
2014-07-24 19:21:13 [CLIENT] [SEVERE] Using missing texture, unable to load: morereliquaries:textures/blocks/divine_log.png
2014-07-24 19:21:13 [CLIENT] [SEVERE] Using missing texture, unable to load: nanotechmod:textures/blocks/sapling.png
2014-07-24 19:21:13 [CLIENT] [SEVERE] Using missing texture, unable to load: morereliquaries:textures/blocks/ore_divine.png
2014-07-24 19:21:17 [CLIENT] [SEVERE] Realms: Server not available!
2014-07-24 19:23:04 [CLIENT] [INFO] [CHAT] Teleported Player946 to 18.5,15.5,23.5
2014-07-24 19:23:10 [CLIENT] [WARNING] Memory connection overburdened; after processing 2500 packets, we still have 906 to go!
2014-07-24 19:23:10 [CLIENT] [WARNING] Memory connection overburdened; after processing 2500 packets, we still have 22438 to go!
2014-07-24 19:23:10 [CLIENT] [WARNING] Memory connection overburdened; after processing 2500 packets, we still have 19937 to go!
2014-07-24 19:23:10 [CLIENT] [WARNING] Memory connection overburdened; after processing 2500 packets, we still have 17436 to go!
2014-07-24 19:23:10 [CLIENT] [WARNING] Memory connection overburdened; after processing 2500 packets, we still have 14935 to go!
2014-07-24 19:23:10 [CLIENT] [WARNING] Memory connection overburdened; after processing 2500 packets, we still have 12434 to go!
2014-07-24 19:23:10 [CLIENT] [WARNING] Memory connection overburdened; after processing 2500 packets, we still have 9933 to go!
2014-07-24 19:23:10 [CLIENT] [WARNING] Memory connection overburdened; after processing 2500 packets, we still have 7432 to go!
2014-07-24 19:23:11 [CLIENT] [WARNING] Memory connection overburdened; after processing 2500 packets, we still have 4931 to go!
2014-07-24 19:23:11 [CLIENT] [WARNING] Memory connection overburdened; after processing 2500 packets, we still have 2430 to go!
2014-07-24 19:23:11 [CLIENT] [WARNING] Memory connection overburdened; after processing 2500 packets, we still have 4562 to go!
2014-07-24 19:23:12 [CLIENT] [WARNING] Memory connection overburdened; after processing 2500 packets, we still have 2061 to go!
2014-07-24 19:23:13 [CLIENT] [WARNING] Memory connection overburdened; after processing 2500 packets, we still have 18767 to go!
2014-07-24 19:23:13 [CLIENT] [WARNING] Memory connection overburdened; after processing 2500 packets, we still have 47546 to go!
2014-07-24 19:23:13 [CLIENT] [WARNING] Memory connection overburdened; after processing 2500 packets, we still have 45045 to go!
2014-07-24 19:23:13 [CLIENT] [WARNING] Memory connection overburdened; after processing 2500 packets, we still have 42544 to go!
2014-07-24 19:23:14 [CLIENT] [WARNING] Memory connection overburdened; after processing 2500 packets, we still have 40043 to go!
2014-07-24 19:23:14 [CLIENT] [WARNING] Memory connection overburdened; after processing 2500 packets, we still have 44373 to go!
2014-07-24 19:23:14 [CLIENT] [WARNING] Memory connection overburdened; after processing 2500 packets, we still have 41902 to go!
2014-07-24 19:23:15 [CLIENT] [WARNING] Memory connection overburdened; after processing 2500 packets, we still have 44224 to go!
2014-07-24 19:23:15 [CLIENT] [WARNING] Memory connection overburdened; after processing 2500 packets, we still have 52952 to go!
2014-07-24 19:23:16 [CLIENT] [WARNING] Memory connection overburdened; after processing 2500 packets, we still have 53858 to go!
2014-07-24 19:23:16 [CLIENT] [WARNING] Memory connection overburdened; after processing 2500 packets, we still have 56506 to go!
2014-07-24 19:23:17 [CLIENT] [WARNING] Memory connection overburdened; after processing 2500 packets, we still have 56436 to go!
2014-07-24 19:23:17 [CLIENT] [WARNING] Memory connection overburdened; after processing 2500 packets, we still have 55868 to go!
2014-07-24 19:23:18 [CLIENT] [WARNING] Memory connection overburdened; after processing 2500 packets, we still have 55234 to go!
2014-07-24 19:23:18 [CLIENT] [WARNING] Memory connection overburdened; after processing 2500 packets, we still have 55033 to go!
2014-07-24 19:23:19 [CLIENT] [WARNING] Memory connection overburdened; after processing 2500 packets, we still have 54021 to go!
2014-07-24 19:23:20 [CLIENT] [WARNING] Memory connection overburdened; after processing 2500 packets, we still have 53693 to go!
2014-07-24 19:23:21 [CLIENT] [WARNING] Memory connection overburdened; after processing 2500 packets, we still have 52556 to go!
2014-07-24 19:23:22 [CLIENT] [WARNING] Memory connection overburdened; after processing 2500 packets, we still have 53661 to go!
2014-07-24 19:23:23 [CLIENT] [WARNING] Memory connection overburdened; after processing 2500 packets, we still have 58251 to go!
2014-07-24 19:23:24 [CLIENT] [WARNING] Memory connection overburdened; after processing 2500 packets, we still have 57742 to go!
2014-07-24 19:23:25 [CLIENT] [WARNING] Memory connection overburdened; after processing 2500 packets, we still have 59619 to go!
2014-07-24 19:23:26 [CLIENT] [WARNING] Memory connection overburdened; after processing 2500 packets, we still have 58209 to go!
2014-07-24 19:23:27 [CLIENT] [WARNING] Memory connection overburdened; after processing 2500 packets, we still have 56276 to go!
2014-07-24 19:23:28 [CLIENT] [WARNING] Memory connection overburdened; after processing 2500 packets, we still have 54162 to go!
2014-07-24 19:23:29 [CLIENT] [WARNING] Memory connection overburdened; after processing 2500 packets, we still have 58171 to go!
2014-07-24 19:23:30 [CLIENT] [WARNING] Memory connection overburdened; after processing 2500 packets, we still have 56091 to go!
2014-07-24 19:23:30 [CLIENT] [WARNING] Memory connection overburdened; after processing 2500 packets, we still have 53707 to go!
2014-07-24 19:23:31 [CLIENT] [WARNING] Memory connection overburdened; after processing 2500 packets, we still have 51263 to go!
2014-07-24 19:23:32 [CLIENT] [WARNING] Memory connection overburdened; after processing 2500 packets, we still have 49006 to go!
2014-07-24 19:23:32 [CLIENT] [WARNING] Memory connection overburdened; after processing 2500 packets, we still have 46785 to go!
2014-07-24 19:23:33 [CLIENT] [WARNING] Memory connection overburdened; after processing 2500 packets, we still have 45649 to go!
2014-07-24 19:23:33 [CLIENT] [WARNING] Memory connection overburdened; after processing 2500 packets, we still have 44165 to go!
2014-07-24 19:23:34 [CLIENT] [WARNING] Memory connection overburdened; after processing 2500 packets, we still have 41730 to go!
2014-07-24 19:23:34 [CLIENT] [WARNING] Memory connection overburdened; after processing 2500 packets, we still have 41110 to go!
2014-07-24 19:23:35 [CLIENT] [WARNING] Memory connection overburdened; after processing 2500 packets, we still have 38694 to go!
2014-07-24 19:23:35 [CLIENT] [WARNING] Memory connection overburdened; after processing 2500 packets, we still have 36258 to go!
2014-07-24 19:23:36 [CLIENT] [INFO] Stopping!
2014-07-24 19:27:54 [CLIENT] [INFO] Setting user: Player873
2014-07-24 19:27:54 [CLIENT] [INFO] LWJGL Version: 2.9.0
2014-07-24 19:27:55 [CLIENT] [INFO] Reloading ResourceManager: Default
2014-07-24 19:27:57 [CLIENT] [INFO] Reloading ResourceManager: Default, FMLFileResourcePack:Forge Mod Loader, FMLFileResourcePack:Minecraft Forge, FMLFileResourcePack:Example Mod, FMLFileResourcePack:More Reliquaries
2014-07-24 19:27:57 [CLIENT] [SEVERE] Using missing texture, unable to load: morereliquaries:textures/blocks/divine_log_top.png
2014-07-24 19:27:57 [CLIENT] [SEVERE] Using missing texture, unable to load: morereliquaries:textures/blocks/divine_leaves.png
2014-07-24 19:27:57 [CLIENT] [SEVERE] Using missing texture, unable to load: morereliquaries:textures/blocks/divine_log.png
2014-07-24 19:27:57 [CLIENT] [SEVERE] Using missing texture, unable to load: nanotechmod:textures/blocks/sapling.png
2014-07-24 19:27:57 [CLIENT] [SEVERE] Using missing texture, unable to load: morereliquaries:textures/blocks/ore_divine.png
2014-07-24 19:27:57 [CLIENT] [INFO] Reloading ResourceManager: Default, FMLFileResourcePack:Forge Mod Loader, FMLFileResourcePack:Minecraft Forge, FMLFileResourcePack:Example Mod, FMLFileResourcePack:More Reliquaries
2014-07-24 19:27:57 [CLIENT] [SEVERE] Using missing texture, unable to load: morereliquaries:textures/blocks/divine_log_top.png
2014-07-24 19:27:57 [CLIENT] [SEVERE] Using missing texture, unable to load: morereliquaries:textures/blocks/divine_leaves.png
2014-07-24 19:27:57 [CLIENT] [SEVERE] Using missing texture, unable to load: morereliquaries:textures/blocks/divine_log.png
2014-07-24 19:27:57 [CLIENT] [SEVERE] Using missing texture, unable to load: nanotechmod:textures/blocks/sapling.png
2014-07-24 19:27:57 [CLIENT] [SEVERE] Using missing texture, unable to load: morereliquaries:textures/blocks/ore_divine.png
2014-07-24 19:27:58 [CLIENT] [SEVERE] Realms: Server not available!
2014-07-24 19:28:57 [CLIENT] [INFO] Setting user: Player140
2014-07-24 19:28:57 [CLIENT] [INFO] LWJGL Version: 2.9.0
2014-07-24 19:28:58 [CLIENT] [INFO] Reloading ResourceManager: Default
2014-07-24 19:29:00 [CLIENT] [INFO] Reloading ResourceManager: Default, FMLFileResourcePack:Forge Mod Loader, FMLFileResourcePack:Minecraft Forge, FMLFileResourcePack:Example Mod, FMLFileResourcePack:More Reliquaries
2014-07-24 19:29:00 [CLIENT] [SEVERE] Using missing texture, unable to load: morereliquaries:textures/blocks/divine_log_top.png
2014-07-24 19:29:00 [CLIENT] [SEVERE] Using missing texture, unable to load: morereliquaries:textures/blocks/divine_leaves.png
2014-07-24 19:29:00 [CLIENT] [SEVERE] Using missing texture, unable to load: morereliquaries:textures/blocks/divine_log.png
2014-07-24 19:29:00 [CLIENT] [SEVERE] Using missing texture, unable to load: nanotechmod:textures/blocks/sapling.png
2014-07-24 19:29:00 [CLIENT] [SEVERE] Using missing texture, unable to load: morereliquaries:textures/blocks/ore_divine.png
2014-07-24 19:29:00 [CLIENT] [INFO] Reloading ResourceManager: Default, FMLFileResourcePack:Forge Mod Loader, FMLFileResourcePack:Minecraft Forge, FMLFileResourcePack:Example Mod, FMLFileResourcePack:More Reliquaries
2014-07-24 19:29:01 [CLIENT] [SEVERE] Using missing texture, unable to load: morereliquaries:textures/blocks/divine_log_top.png
2014-07-24 19:29:01 [CLIENT] [SEVERE] Using missing texture, unable to load: morereliquaries:textures/blocks/divine_leaves.png
2014-07-24 19:29:01 [CLIENT] [SEVERE] Using missing texture, unable to load: morereliquaries:textures/blocks/divine_log.png
2014-07-24 19:29:01 [CLIENT] [SEVERE] Using missing texture, unable to load: nanotechmod:textures/blocks/sapling.png
2014-07-24 19:29:01 [CLIENT] [SEVERE] Using missing texture, unable to load: morereliquaries:textures/blocks/ore_divine.png
2014-07-24 19:29:02 [CLIENT] [SEVERE] Realms: Server not available!
2014-07-24 19:30:46 [CLIENT] [INFO] Setting user: Player670
2014-07-24 19:30:47 [CLIENT] [INFO] LWJGL Version: 2.9.0
2014-07-24 19:30:47 [CLIENT] [INFO] Reloading ResourceManager: Default
2014-07-24 19:30:49 [CLIENT] [INFO] Reloading ResourceManager: Default, FMLFileResourcePack:Forge Mod Loader, FMLFileResourcePack:Minecraft Forge, FMLFileResourcePack:Example Mod, FMLFileResourcePack:More Reliquaries
2014-07-24 19:30:50 [CLIENT] [SEVERE] Using missing texture, unable to load: morereliquaries:textures/blocks/divine_log_top.png
2014-07-24 19:30:50 [CLIENT] [SEVERE] Using missing texture, unable to load: morereliquaries:textures/blocks/divine_leaves.png
2014-07-24 19:30:50 [CLIENT] [SEVERE] Using missing texture, unable to load: morereliquaries:textures/blocks/divine_log.png
2014-07-24 19:30:50 [CLIENT] [SEVERE] Using missing texture, unable to load: nanotechmod:textures/blocks/sapling.png
2014-07-24 19:30:50 [CLIENT] [SEVERE] Using missing texture, unable to load: morereliquaries:textures/blocks/ore_divine.png
2014-07-24 19:30:50 [CLIENT] [INFO] Reloading ResourceManager: Default, FMLFileResourcePack:Forge Mod Loader, FMLFileResourcePack:Minecraft Forge, FMLFileResourcePack:Example Mod, FMLFileResourcePack:More Reliquaries
2014-07-24 19:30:50 [CLIENT] [SEVERE] Using missing texture, unable to load: morereliquaries:textures/blocks/divine_log_top.png
2014-07-24 19:30:50 [CLIENT] [SEVERE] Using missing texture, unable to load: morereliquaries:textures/blocks/divine_leaves.png
2014-07-24 19:30:50 [CLIENT] [SEVERE] Using missing texture, unable to load: morereliquaries:textures/blocks/divine_log.png
2014-07-24 19:30:50 [CLIENT] [SEVERE] Using missing texture, unable to load: nanotechmod:textures/blocks/sapling.png
2014-07-24 19:30:50 [CLIENT] [SEVERE] Using missing texture, unable to load: morereliquaries:textures/blocks/ore_divine.png
2014-07-24 19:30:51 [CLIENT] [SEVERE] Realms: Server not available!
2014-07-24 19:40:48 [CLIENT] [INFO] Stopping!
2014-07-24 19:45:57 [CLIENT] [INFO] Setting user: Player329
2014-07-24 19:45:58 [CLIENT] [INFO] LWJGL Version: 2.9.0
2014-07-24 19:45:58 [CLIENT] [INFO] Reloading ResourceManager: Default
2014-07-24 19:46:00 [CLIENT] [INFO] Reloading ResourceManager: Default, FMLFileResourcePack:Forge Mod Loader, FMLFileResourcePack:Minecraft Forge, FMLFileResourcePack:Example Mod, FMLFileResourcePack:More Reliquaries
2014-07-24 19:46:01 [CLIENT] [SEVERE] Using missing texture, unable to load: morereliquaries:textures/blocks/divine_log_top.png
2014-07-24 19:46:01 [CLIENT] [SEVERE] Using missing texture, unable to load: morereliquaries:textures/blocks/divine_sapling.png
2014-07-24 19:46:01 [CLIENT] [SEVERE] Using missing texture, unable to load: morereliquaries:textures/blocks/divine_leaves.png
2014-07-24 19:46:01 [CLIENT] [SEVERE] Using missing texture, unable to load: morereliquaries:textures/blocks/divine_log.png
2014-07-24 19:46:01 [CLIENT] [SEVERE] Using missing texture, unable to load: morereliquaries:textures/blocks/ore_divine.png
2014-07-24 19:46:01 [CLIENT] [INFO] Reloading ResourceManager: Default, FMLFileResourcePack:Forge Mod Loader, FMLFileResourcePack:Minecraft Forge, FMLFileResourcePack:Example Mod, FMLFileResourcePack:More Reliquaries
2014-07-24 19:46:01 [CLIENT] [SEVERE] Using missing texture, unable to load: morereliquaries:textures/blocks/divine_log_top.png
2014-07-24 19:46:01 [CLIENT] [SEVERE] Using missing texture, unable to load: morereliquaries:textures/blocks/divine_sapling.png
2014-07-24 19:46:01 [CLIENT] [SEVERE] Using missing texture, unable to load: morereliquaries:textures/blocks/divine_leaves.png
2014-07-24 19:46:01 [CLIENT] [SEVERE] Using missing texture, unable to load: morereliquaries:textures/blocks/divine_log.png
2014-07-24 19:46:01 [CLIENT] [SEVERE] Using missing texture, unable to load: morereliquaries:textures/blocks/ore_divine.png
2014-07-24 19:46:02 [CLIENT] [SEVERE] Realms: Server not available!
2014-07-24 19:49:38 [CLIENT] [INFO] Setting user: Player343
2014-07-24 19:49:39 [CLIENT] [INFO] LWJGL Version: 2.9.0
2014-07-24 19:49:39 [CLIENT] [INFO] Reloading ResourceManager: Default
2014-07-24 19:49:41 [CLIENT] [INFO] Reloading ResourceManager: Default, FMLFileResourcePack:Forge Mod Loader, FMLFileResourcePack:Minecraft Forge, FMLFileResourcePack:Example Mod, FMLFileResourcePack:More Reliquaries
2014-07-24 19:49:41 [CLIENT] [SEVERE] Using missing texture, unable to load: morereliquaries:textures/blocks/divine_log_top.png
2014-07-24 19:49:41 [CLIENT] [SEVERE] Using missing texture, unable to load: morereliquaries:textures/blocks/divine_sapling.png
2014-07-24 19:49:41 [CLIENT] [SEVERE] Using missing texture, unable to load: morereliquaries:textures/blocks/divine_leaves.png
2014-07-24 19:49:41 [CLIENT] [SEVERE] Using missing texture, unable to load: morereliquaries:textures/blocks/divine_log.png
2014-07-24 19:49:41 [CLIENT] [SEVERE] Using missing texture, unable to load: morereliquaries:textures/blocks/ore_divine.png
2014-07-24 19:49:42 [CLIENT] [INFO] Reloading ResourceManager: Default, FMLFileResourcePack:Forge Mod Loader, FMLFileResourcePack:Minecraft Forge, FMLFileResourcePack:Example Mod, FMLFileResourcePack:More Reliquaries
2014-07-24 19:49:42 [CLIENT] [SEVERE] Using missing texture, unable to load: morereliquaries:textures/blocks/divine_log_top.png
2014-07-24 19:49:42 [CLIENT] [SEVERE] Using missing texture, unable to load: morereliquaries:textures/blocks/divine_sapling.png
2014-07-24 19:49:42 [CLIENT] [SEVERE] Using missing texture, unable to load: morereliquaries:textures/blocks/divine_leaves.png
2014-07-24 19:49:42 [CLIENT] [SEVERE] Using missing texture, unable to load: morereliquaries:textures/blocks/divine_log.png
2014-07-24 19:49:42 [CLIENT] [SEVERE] Using missing texture, unable to load: morereliquaries:textures/blocks/ore_divine.png
2014-07-24 19:49:43 [CLIENT] [SEVERE] Realms: Server not available!
2014-07-24 19:53:00 [CLIENT] [INFO] Setting user: Player245
2014-07-24 19:53:00 [CLIENT] [INFO] LWJGL Version: 2.9.0
2014-07-24 19:53:01 [CLIENT] [INFO] Reloading ResourceManager: Default
2014-07-24 19:53:03 [CLIENT] [INFO] Reloading ResourceManager: Default, FMLFileResourcePack:Forge Mod Loader, FMLFileResourcePack:Minecraft Forge, FMLFileResourcePack:Example Mod, FMLFileResourcePack:More Reliquaries
2014-07-24 19:53:03 [CLIENT] [SEVERE] Using missing texture, unable to load: morereliquaries:textures/blocks/divine_log_top.png
2014-07-24 19:53:03 [CLIENT] [SEVERE] Using missing texture, unable to load: morereliquaries:textures/blocks/divine_sapling.png
2014-07-24 19:53:03 [CLIENT] [SEVERE] Using missing texture, unable to load: morereliquaries:textures/blocks/divine_leaves.png
2014-07-24 19:53:03 [CLIENT] [SEVERE] Using missing texture, unable to load: morereliquaries:textures/blocks/divine_log.png
2014-07-24 19:53:03 [CLIENT] [SEVERE] Using missing texture, unable to load: morereliquaries:textures/blocks/ore_divine.png
2014-07-24 19:53:04 [CLIENT] [INFO] Reloading ResourceManager: Default, FMLFileResourcePack:Forge Mod Loader, FMLFileResourcePack:Minecraft Forge, FMLFileResourcePack:Example Mod, FMLFileResourcePack:More Reliquaries
2014-07-24 19:53:04 [CLIENT] [SEVERE] Using missing texture, unable to load: morereliquaries:textures/blocks/divine_log_top.png
2014-07-24 19:53:04 [CLIENT] [SEVERE] Using missing texture, unable to load: morereliquaries:textures/blocks/divine_sapling.png
2014-07-24 19:53:04 [CLIENT] [SEVERE] Using missing texture, unable to load: morereliquaries:textures/blocks/divine_leaves.png
2014-07-24 19:53:04 [CLIENT] [SEVERE] Using missing texture, unable to load: morereliquaries:textures/blocks/divine_log.png
2014-07-24 19:53:04 [CLIENT] [SEVERE] Using missing texture, unable to load: morereliquaries:textures/blocks/ore_divine.png
2014-07-24 19:53:05 [CLIENT] [SEVERE] Realms: Server not available!
2014-07-24 19:53:28 [CLIENT] [INFO] [CHAT] /gamemode, /give, /gamerule
2014-07-24 19:53:29 [CLIENT] [INFO] [CHAT] Your game mode has been updated
2014-07-24 19:53:56 [CLIENT] [INFO] Stopping!
2014-07-24 20:02:24 [CLIENT] [INFO] Setting user: Player856
2014-07-24 20:02:25 [CLIENT] [INFO] LWJGL Version: 2.9.0
2014-07-24 20:02:25 [CLIENT] [INFO] Reloading ResourceManager: Default
2014-07-24 20:02:28 [CLIENT] [INFO] Reloading ResourceManager: Default, FMLFileResourcePack:Forge Mod Loader, FMLFileResourcePack:Minecraft Forge, FMLFileResourcePack:Example Mod, FMLFileResourcePack:More Reliquaries
2014-07-24 20:02:28 [CLIENT] [SEVERE] Using missing texture, unable to load: morereliquaries:textures/blocks/divine_log_top.png
2014-07-24 20:02:28 [CLIENT] [SEVERE] Using missing texture, unable to load: morereliquaries:textures/blocks/divine_sapling.png
2014-07-24 20:02:28 [CLIENT] [SEVERE] Using missing texture, unable to load: morereliquaries:textures/blocks/divine_leaves.png
2014-07-24 20:02:28 [CLIENT] [SEVERE] Using missing texture, unable to load: morereliquaries:textures/blocks/divine_log.png
2014-07-24 20:02:28 [CLIENT] [SEVERE] Using missing texture, unable to load: morereliquaries:textures/blocks/ore_divine.png
2014-07-24 20:02:28 [CLIENT] [INFO] Reloading ResourceManager: Default, FMLFileResourcePack:Forge Mod Loader, FMLFileResourcePack:Minecraft Forge, FMLFileResourcePack:Example Mod, FMLFileResourcePack:More Reliquaries
2014-07-24 20:02:28 [CLIENT] [SEVERE] Using missing texture, unable to load: morereliquaries:textures/blocks/divine_log_top.png
2014-07-24 20:02:28 [CLIENT] [SEVERE] Using missing texture, unable to load: morereliquaries:textures/blocks/divine_sapling.png
2014-07-24 20:02:28 [CLIENT] [SEVERE] Using missing texture, unable to load: morereliquaries:textures/blocks/divine_leaves.png
2014-07-24 20:02:28 [CLIENT] [SEVERE] Using missing texture, unable to load: morereliquaries:textures/blocks/divine_log.png
2014-07-24 20:02:28 [CLIENT] [SEVERE] Using missing texture, unable to load: morereliquaries:textures/blocks/ore_divine.png
2014-07-24 20:02:29 [CLIENT] [SEVERE] Realms: Server not available!
2014-07-24 20:12:10 [CLIENT] [INFO] Stopping!
2014-07-24 23:09:38 [CLIENT] [INFO] Setting user: Player994
2014-07-24 23:09:38 [CLIENT] [INFO] LWJGL Version: 2.9.0
2014-07-24 23:09:39 [CLIENT] [INFO] Reloading ResourceManager: Default
2014-07-24 23:09:41 [CLIENT] [INFO] Reloading ResourceManager: Default, FMLFileResourcePack:Forge Mod Loader, FMLFileResourcePack:Minecraft Forge, FMLFileResourcePack:Example Mod, FMLFileResourcePack:More Reliquaries
2014-07-24 23:09:41 [CLIENT] [SEVERE] Using missing texture, unable to load: morereliquaries:textures/blocks/divine_log_top.png
2014-07-24 23:09:41 [CLIENT] [SEVERE] Using missing texture, unable to load: morereliquaries:textures/blocks/divine_sapling.png
2014-07-24 23:09:41 [CLIENT] [SEVERE] Using missing texture, unable to load: morereliquaries:textures/blocks/divine_log.png
2014-07-24 23:09:41 [CLIENT] [SEVERE] Using missing texture, unable to load: morereliquaries:textures/blocks/ore_divine.png
2014-07-24 23:09:41 [CLIENT] [INFO] Reloading ResourceManager: Default, FMLFileResourcePack:Forge Mod Loader, FMLFileResourcePack:Minecraft Forge, FMLFileResourcePack:Example Mod, FMLFileResourcePack:More Reliquaries
2014-07-24 23:09:41 [CLIENT] [SEVERE] Using missing texture, unable to load: morereliquaries:textures/blocks/divine_log_top.png
2014-07-24 23:09:41 [CLIENT] [SEVERE] Using missing texture, unable to load: morereliquaries:textures/blocks/divine_sapling.png
2014-07-24 23:09:41 [CLIENT] [SEVERE] Using missing texture, unable to load: morereliquaries:textures/blocks/divine_log.png
2014-07-24 23:09:41 [CLIENT] [SEVERE] Using missing texture, unable to load: morereliquaries:textures/blocks/ore_divine.png
2014-07-24 23:09:43 [CLIENT] [SEVERE] Realms: Server not available!
2014-07-24 23:09:57 [CLIENT] [INFO] [CHAT] /gamemode, /give, /gamerule
2014-07-24 23:09:58 [CLIENT] [INFO] [CHAT] Your game mode has been updated
2014-07-24 23:10:57 [CLIENT] [INFO] Stopping!
2014-07-24 23:15:05 [CLIENT] [INFO] Setting user: Player602
2014-07-24 23:15:06 [CLIENT] [INFO] LWJGL Version: 2.9.0
2014-07-24 23:15:06 [CLIENT] [INFO] Reloading ResourceManager: Default
2014-07-24 23:15:08 [CLIENT] [INFO] Reloading ResourceManager: Default, FMLFileResourcePack:Forge Mod Loader, FMLFileResourcePack:Minecraft Forge, FMLFileResourcePack:Example Mod, FMLFileResourcePack:More Reliquaries
2014-07-24 23:15:09 [CLIENT] [SEVERE] Using missing texture, unable to load: morereliquaries:textures/blocks/divine_log_top.png
2014-07-24 23:15:09 [CLIENT] [SEVERE] Using missing texture, unable to load: morereliquaries:textures/blocks/divine_log.png
2014-07-24 23:15:09 [CLIENT] [SEVERE] Using missing texture, unable to load: morereliquaries:textures/blocks/ore_divine.png
2014-07-24 23:15:09 [CLIENT] [INFO] Reloading ResourceManager: Default, FMLFileResourcePack:Forge Mod Loader, FMLFileResourcePack:Minecraft Forge, FMLFileResourcePack:Example Mod, FMLFileResourcePack:More Reliquaries
2014-07-24 23:15:09 [CLIENT] [SEVERE] Using missing texture, unable to load: morereliquaries:textures/blocks/divine_log_top.png
2014-07-24 23:15:09 [CLIENT] [SEVERE] Using missing texture, unable to load: morereliquaries:textures/blocks/divine_log.png
2014-07-24 23:15:09 [CLIENT] [SEVERE] Using missing texture, unable to load: morereliquaries:textures/blocks/ore_divine.png
2014-07-24 23:15:10 [CLIENT] [SEVERE] Realms: Server not available!
2014-07-24 23:18:40 [CLIENT] [INFO] Setting user: Player283
2014-07-24 23:18:40 [CLIENT] [INFO] LWJGL Version: 2.9.0
2014-07-24 23:18:41 [CLIENT] [INFO] Reloading ResourceManager: Default
2014-07-24 23:18:43 [CLIENT] [INFO] Reloading ResourceManager: Default, FMLFileResourcePack:Forge Mod Loader, FMLFileResourcePack:Minecraft Forge, FMLFileResourcePack:Example Mod, FMLFileResourcePack:More Reliquaries
2014-07-24 23:18:43 [CLIENT] [SEVERE] Using missing texture, unable to load: morereliquaries:textures/blocks/divine_log_top.png
2014-07-24 23:18:43 [CLIENT] [SEVERE] Using missing texture, unable to load: morereliquaries:textures/blocks/divine_log.png
2014-07-24 23:18:43 [CLIENT] [SEVERE] Using missing texture, unable to load: morereliquaries:textures/blocks/ore_divine.png
2014-07-24 23:18:44 [CLIENT] [INFO] Reloading ResourceManager: Default, FMLFileResourcePack:Forge Mod Loader, FMLFileResourcePack:Minecraft Forge, FMLFileResourcePack:Example Mod, FMLFileResourcePack:More Reliquaries
2014-07-24 23:18:44 [CLIENT] [SEVERE] Using missing texture, unable to load: morereliquaries:textures/blocks/divine_log_top.png
2014-07-24 23:18:44 [CLIENT] [SEVERE] Using missing texture, unable to load: morereliquaries:textures/blocks/divine_log.png
2014-07-24 23:18:44 [CLIENT] [SEVERE] Using missing texture, unable to load: morereliquaries:textures/blocks/ore_divine.png
2014-07-24 23:18:45 [CLIENT] [SEVERE] Realms: Server not available!
2014-07-24 23:20:50 [CLIENT] [INFO] Setting user: Player767
2014-07-24 23:20:51 [CLIENT] [INFO] LWJGL Version: 2.9.0
2014-07-24 23:20:51 [CLIENT] [INFO] Reloading ResourceManager: Default
2014-07-24 23:20:54 [CLIENT] [INFO] Reloading ResourceManager: Default, FMLFileResourcePack:Forge Mod Loader, FMLFileResourcePack:Minecraft Forge, FMLFileResourcePack:Example Mod, FMLFileResourcePack:More Reliquaries
2014-07-24 23:20:54 [CLIENT] [SEVERE] Using missing texture, unable to load: morereliquaries:textures/blocks/divine_log_top.png
2014-07-24 23:20:54 [CLIENT] [SEVERE] Using missing texture, unable to load: morereliquaries:textures/blocks/divine_log.png
2014-07-24 23:20:54 [CLIENT] [SEVERE] Using missing texture, unable to load: morereliquaries:textures/blocks/ore_divine.png
2014-07-24 23:20:54 [CLIENT] [INFO] Reloading ResourceManager: Default, FMLFileResourcePack:Forge Mod Loader, FMLFileResourcePack:Minecraft Forge, FMLFileResourcePack:Example Mod, FMLFileResourcePack:More Reliquaries
2014-07-24 23:20:54 [CLIENT] [SEVERE] Using missing texture, unable to load: morereliquaries:textures/blocks/divine_log_top.png
2014-07-24 23:20:54 [CLIENT] [SEVERE] Using missing texture, unable to load: morereliquaries:textures/blocks/divine_log.png
2014-07-24 23:20:54 [CLIENT] [SEVERE] Using missing texture, unable to load: morereliquaries:textures/blocks/ore_divine.png
2014-07-24 23:20:55 [CLIENT] [SEVERE] Realms: Server not available!
2014-07-24 23:24:45 [CLIENT] [INFO] Setting user: Player812
2014-07-24 23:24:46 [CLIENT] [INFO] LWJGL Version: 2.9.0
2014-07-24 23:24:46 [CLIENT] [INFO] Reloading ResourceManager: Default
2014-07-24 23:24:48 [CLIENT] [INFO] Reloading ResourceManager: Default, FMLFileResourcePack:Forge Mod Loader, FMLFileResourcePack:Minecraft Forge, FMLFileResourcePack:Example Mod, FMLFileResourcePack:More Reliquaries
2014-07-24 23:24:49 [CLIENT] [SEVERE] Using missing texture, unable to load: morereliquaries:textures/blocks/ore_divine.png
2014-07-24 23:24:49 [CLIENT] [INFO] Reloading ResourceManager: Default, FMLFileResourcePack:Forge Mod Loader, FMLFileResourcePack:Minecraft Forge, FMLFileResourcePack:Example Mod, FMLFileResourcePack:More Reliquaries
2014-07-24 23:24:49 [CLIENT] [SEVERE] Using missing texture, unable to load: morereliquaries:textures/blocks/ore_divine.png
2014-07-24 23:24:50 [CLIENT] [SEVERE] Realms: Server not available!
2014-07-24 23:26:27 [CLIENT] [INFO] Stopping!
2014-07-25 00:28:51 [CLIENT] [INFO] Setting user: Player385
2014-07-25 00:28:52 [CLIENT] [INFO] LWJGL Version: 2.9.0
2014-07-25 00:28:52 [CLIENT] [INFO] Reloading ResourceManager: Default
2014-07-25 00:28:54 [CLIENT] [INFO] Reloading ResourceManager: Default, FMLFileResourcePack:Forge Mod Loader, FMLFileResourcePack:Minecraft Forge, FMLFileResourcePack:Example Mod, FMLFileResourcePack:More Reliquaries
2014-07-25 00:28:54 [CLIENT] [SEVERE] Using missing texture, unable to load: morereliquaries:textures/blocks/ore_divine.png
2014-07-25 00:28:55 [CLIENT] [INFO] Reloading ResourceManager: Default, FMLFileResourcePack:Forge Mod Loader, FMLFileResourcePack:Minecraft Forge, FMLFileResourcePack:Example Mod, FMLFileResourcePack:More Reliquaries
2014-07-25 00:28:55 [CLIENT] [SEVERE] Using missing texture, unable to load: morereliquaries:textures/blocks/ore_divine.png
2014-07-25 00:28:56 [CLIENT] [SEVERE] Realms: Server not available!
2014-07-25 00:31:32 [CLIENT] [INFO] Setting user: Player359
2014-07-25 00:31:33 [CLIENT] [INFO] LWJGL Version: 2.9.0
2014-07-25 00:31:33 [CLIENT] [INFO] Reloading ResourceManager: Default
2014-07-25 00:31:36 [CLIENT] [INFO] Reloading ResourceManager: Default, FMLFileResourcePack:Forge Mod Loader, FMLFileResourcePack:Minecraft Forge, FMLFileResourcePack:Example Mod, FMLFileResourcePack:More Reliquaries
2014-07-25 00:31:36 [CLIENT] [SEVERE] Using missing texture, unable to load: morereliquaries:textures/blocks/ore_divine.png
2014-07-25 00:31:36 [CLIENT] [INFO] Reloading ResourceManager: Default, FMLFileResourcePack:Forge Mod Loader, FMLFileResourcePack:Minecraft Forge, FMLFileResourcePack:Example Mod, FMLFileResourcePack:More Reliquaries
2014-07-25 00:31:36 [CLIENT] [SEVERE] Using missing texture, unable to load: morereliquaries:textures/blocks/ore_divine.png
2014-07-25 00:31:37 [CLIENT] [SEVERE] Realms: Server not available!
2014-07-25 00:35:59 [CLIENT] [INFO] Setting user: Player908
2014-07-25 00:35:59 [CLIENT] [INFO] LWJGL Version: 2.9.0
2014-07-25 00:36:00 [CLIENT] [INFO] Reloading ResourceManager: Default
2014-07-25 00:36:02 [CLIENT] [INFO] Reloading ResourceManager: Default, FMLFileResourcePack:Forge Mod Loader, FMLFileResourcePack:Minecraft Forge, FMLFileResourcePack:Example Mod, FMLFileResourcePack:More Reliquaries
2014-07-25 00:36:02 [CLIENT] [SEVERE] Using missing texture, unable to load: morereliquaries:textures/blocks/ore_divine.png
2014-07-25 00:36:02 [CLIENT] [INFO] Reloading ResourceManager: Default, FMLFileResourcePack:Forge Mod Loader, FMLFileResourcePack:Minecraft Forge, FMLFileResourcePack:Example Mod, FMLFileResourcePack:More Reliquaries
2014-07-25 00:36:03 [CLIENT] [SEVERE] Using missing texture, unable to load: morereliquaries:textures/blocks/ore_divine.png
2014-07-25 00:36:04 [CLIENT] [SEVERE] Realms: Server not available!
2014-07-25 00:37:27 [CLIENT] [INFO] [CHAT] Teleported Player908 to 1086.9438583772103,86.3630084223781,1016.5357616434266
2014-07-25 00:37:44 [CLIENT] [WARNING] Memory connection overburdened; after processing 2500 packets, we still have 143 to go!
2014-07-25 00:37:44 [CLIENT] [WARNING] Memory connection overburdened; after processing 2500 packets, we still have 376 to go!
2014-07-25 00:39:30 [CLIENT] [INFO] Setting user: Player529
2014-07-25 00:39:31 [CLIENT] [INFO] LWJGL Version: 2.9.0
2014-07-25 00:39:31 [CLIENT] [INFO] Reloading ResourceManager: Default
2014-07-25 00:39:33 [CLIENT] [INFO] Reloading ResourceManager: Default, FMLFileResourcePack:Forge Mod Loader, FMLFileResourcePack:Minecraft Forge, FMLFileResourcePack:Example Mod, FMLFileResourcePack:More Reliquaries
2014-07-25 00:39:34 [CLIENT] [SEVERE] Using missing texture, unable to load: morereliquaries:textures/blocks/ore_divine.png
2014-07-25 00:39:34 [CLIENT] [INFO] Reloading ResourceManager: Default, FMLFileResourcePack:Forge Mod Loader, FMLFileResourcePack:Minecraft Forge, FMLFileResourcePack:Example Mod, FMLFileResourcePack:More Reliquaries
2014-07-25 00:39:34 [CLIENT] [SEVERE] Using missing texture, unable to load: morereliquaries:textures/blocks/ore_divine.png
2014-07-25 00:39:35 [CLIENT] [SEVERE] Realms: Server not available!
2014-07-25 00:45:12 [CLIENT] [INFO] Setting user: Player657
2014-07-25 00:45:13 [CLIENT] [INFO] LWJGL Version: 2.9.0
2014-07-25 00:45:13 [CLIENT] [INFO] Reloading ResourceManager: Default
2014-07-25 00:45:15 [CLIENT] [INFO] Reloading ResourceManager: Default, FMLFileResourcePack:Forge Mod Loader, FMLFileResourcePack:Minecraft Forge, FMLFileResourcePack:Example Mod, FMLFileResourcePack:More Reliquaries
2014-07-25 00:45:16 [CLIENT] [SEVERE] Using missing texture, unable to load: morereliquaries:textures/blocks/ore_divine.png
2014-07-25 00:45:16 [CLIENT] [INFO] Reloading ResourceManager: Default, FMLFileResourcePack:Forge Mod Loader, FMLFileResourcePack:Minecraft Forge, FMLFileResourcePack:Example Mod, FMLFileResourcePack:More Reliquaries
2014-07-25 00:45:16 [CLIENT] [SEVERE] Using missing texture, unable to load: morereliquaries:textures/blocks/ore_divine.png
2014-07-25 00:45:18 [CLIENT] [SEVERE] Realms: Server not available!
2014-07-25 00:46:48 [CLIENT] [INFO] Stopping!
2014-07-25 00:46:56 [CLIENT] [INFO] Setting user: Player512
2014-07-25 00:46:57 [CLIENT] [INFO] LWJGL Version: 2.9.0
2014-07-25 00:46:57 [CLIENT] [INFO] Reloading ResourceManager: Default
2014-07-25 00:46:59 [CLIENT] [INFO] Reloading ResourceManager: Default, FMLFileResourcePack:Forge Mod Loader, FMLFileResourcePack:Minecraft Forge, FMLFileResourcePack:More Reliquaries
2014-07-25 00:46:59 [CLIENT] [SEVERE] Using missing texture, unable to load: morereliquaries:textures/blocks/ore_divine.png
2014-07-25 00:47:00 [CLIENT] [INFO] Reloading ResourceManager: Default, FMLFileResourcePack:Forge Mod Loader, FMLFileResourcePack:Minecraft Forge, FMLFileResourcePack:More Reliquaries
2014-07-25 00:47:00 [CLIENT] [SEVERE] Using missing texture, unable to load: morereliquaries:textures/blocks/ore_divine.png
2014-07-25 00:47:01 [CLIENT] [SEVERE] Realms: Server not available!
2014-07-25 00:47:22 [CLIENT] [INFO] Stopping!
2014-07-25 01:27:21 [CLIENT] [INFO] Setting user: Player611
2014-07-25 01:27:22 [CLIENT] [INFO] LWJGL Version: 2.9.0
2014-07-25 01:27:22 [CLIENT] [INFO] Reloading ResourceManager: Default
2014-07-25 01:27:24 [CLIENT] [INFO] Reloading ResourceManager: Default, FMLFileResourcePack:Forge Mod Loader, FMLFileResourcePack:Minecraft Forge, FMLFileResourcePack:More Reliquaries
2014-07-25 01:27:47 [CLIENT] [INFO] Setting user: Player582
2014-07-25 01:27:48 [CLIENT] [INFO] LWJGL Version: 2.9.0
2014-07-25 01:27:48 [CLIENT] [INFO] Reloading ResourceManager: Default
2014-07-25 01:27:50 [CLIENT] [INFO] Reloading ResourceManager: Default, FMLFileResourcePack:Forge Mod Loader, FMLFileResourcePack:Minecraft Forge, FMLFileResourcePack:More Reliquaries
2014-07-25 01:28:42 [CLIENT] [INFO] Setting user: Player849
2014-07-25 01:28:43 [CLIENT] [INFO] LWJGL Version: 2.9.0
2014-07-25 01:28:43 [CLIENT] [INFO] Reloading ResourceManager: Default
2014-07-25 01:28:46 [CLIENT] [INFO] Reloading ResourceManager: Default, FMLFileResourcePack:Forge Mod Loader, FMLFileResourcePack:Minecraft Forge, FMLFileResourcePack:More Reliquaries
2014-07-25 01:28:46 [CLIENT] [SEVERE] Using missing texture, unable to load: morereliquaries:textures/blocks/ore_divine.png
2014-07-25 01:28:46 [CLIENT] [INFO] Reloading ResourceManager: Default, FMLFileResourcePack:Forge Mod Loader, FMLFileResourcePack:Minecraft Forge, FMLFileResourcePack:More Reliquaries
2014-07-25 01:28:46 [CLIENT] [SEVERE] Using missing texture, unable to load: morereliquaries:textures/blocks/ore_divine.png
2014-07-25 01:28:47 [CLIENT] [SEVERE] Realms: Server not available!
2014-07-25 01:28:49 [CLIENT] [INFO] Stopping!
2014-07-25 01:29:02 [CLIENT] [INFO] Setting user: Player695
2014-07-25 01:29:03 [CLIENT] [INFO] LWJGL Version: 2.9.0
2014-07-25 01:29:03 [CLIENT] [INFO] Reloading ResourceManager: Default
2014-07-25 01:29:05 [CLIENT] [INFO] Reloading ResourceManager: Default, FMLFileResourcePack:Forge Mod Loader, FMLFileResourcePack:Minecraft Forge, FMLFileResourcePack:More Reliquaries
2014-07-25 01:30:07 [CLIENT] [INFO] Setting user: Player750
2014-07-25 01:30:08 [CLIENT] [INFO] LWJGL Version: 2.9.0
2014-07-25 01:30:08 [CLIENT] [INFO] Reloading ResourceManager: Default
2014-07-25 01:30:10 [CLIENT] [INFO] Reloading ResourceManager: Default, FMLFileResourcePack:Forge Mod Loader, FMLFileResourcePack:Minecraft Forge, FMLFileResourcePack:More Reliquaries
2014-07-25 01:32:29 [CLIENT] [INFO] Setting user: Player274
2014-07-25 01:32:29 [CLIENT] [INFO] LWJGL Version: 2.9.0
2014-07-25 01:32:30 [CLIENT] [INFO] Reloading ResourceManager: Default
2014-07-25 01:32:32 [CLIENT] [INFO] Reloading ResourceManager: Default, FMLFileResourcePack:Forge Mod Loader, FMLFileResourcePack:Minecraft Forge, FMLFileResourcePack:More Reliquaries
2014-07-25 01:32:32 [CLIENT] [SEVERE] Using missing texture, unable to load: morereliquaries:textures/blocks/ore_divine.png
2014-07-25 01:33:27 [CLIENT] [INFO] Setting user: Player424
2014-07-25 01:33:28 [CLIENT] [INFO] LWJGL Version: 2.9.0
2014-07-25 01:33:28 [CLIENT] [INFO] Reloading ResourceManager: Default
2014-07-25 01:33:30 [CLIENT] [INFO] Reloading ResourceManager: Default, FMLFileResourcePack:Forge Mod Loader, FMLFileResourcePack:Minecraft Forge, FMLFileResourcePack:More Reliquaries
2014-07-25 01:33:31 [CLIENT] [SEVERE] Using missing texture, unable to load: morereliquaries:textures/blocks/ore_divine.png
2014-07-25 01:36:24 [CLIENT] [INFO] Setting user: Player18
2014-07-25 01:36:24 [CLIENT] [INFO] LWJGL Version: 2.9.0
2014-07-25 01:36:25 [CLIENT] [INFO] Reloading ResourceManager: Default
2014-07-25 01:36:27 [CLIENT] [INFO] Reloading ResourceManager: Default, FMLFileResourcePack:Forge Mod Loader, FMLFileResourcePack:Minecraft Forge, FMLFileResourcePack:More Reliquaries
2014-07-25 01:36:27 [CLIENT] [SEVERE] Using missing texture, unable to load: morereliquaries:textures/blocks/ore_divine.png
2014-07-25 01:39:40 [CLIENT] [INFO] Setting user: Player629
2014-07-25 01:39:41 [CLIENT] [INFO] LWJGL Version: 2.9.0
2014-07-25 01:39:41 [CLIENT] [INFO] Reloading ResourceManager: Default
2014-07-25 01:39:43 [CLIENT] [INFO] Reloading ResourceManager: Default, FMLFileResourcePack:Forge Mod Loader, FMLFileResourcePack:Minecraft Forge, FMLFileResourcePack:More Reliquaries
2014-07-25 01:39:44 [CLIENT] [SEVERE] Using missing texture, unable to load: morereliquaries:textures/blocks/ore_divine.png
2014-07-25 01:41:06 [CLIENT] [INFO] Setting user: Player244
2014-07-25 01:41:06 [CLIENT] [INFO] LWJGL Version: 2.9.0
2014-07-25 01:41:07 [CLIENT] [INFO] Reloading ResourceManager: Default
2014-07-25 01:41:09 [CLIENT] [INFO] Reloading ResourceManager: Default, FMLFileResourcePack:Forge Mod Loader, FMLFileResourcePack:Minecraft Forge, FMLFileResourcePack:More Reliquaries
2014-07-25 01:41:09 [CLIENT] [SEVERE] Using missing texture, unable to load: morereliquaries:textures/blocks/ore_divine.png
2014-07-25 01:41:10 [CLIENT] [INFO] Reloading ResourceManager: Default, FMLFileResourcePack:Forge Mod Loader, FMLFileResourcePack:Minecraft Forge, FMLFileResourcePack:More Reliquaries
2014-07-25 01:41:10 [CLIENT] [SEVERE] Using missing texture, unable to load: morereliquaries:textures/blocks/ore_divine.png
2014-07-25 01:41:11 [CLIENT] [SEVERE] Realms: Server not available!
2014-07-25 01:42:34 [CLIENT] [INFO] Setting user: Player788
2014-07-25 01:42:35 [CLIENT] [INFO] LWJGL Version: 2.9.0
2014-07-25 01:42:35 [CLIENT] [INFO] Reloading ResourceManager: Default
2014-07-25 01:42:37 [CLIENT] [INFO] Reloading ResourceManager: Default, FMLFileResourcePack:Forge Mod Loader, FMLFileResourcePack:Minecraft Forge, FMLFileResourcePack:More Reliquaries
2014-07-25 01:42:38 [CLIENT] [SEVERE] Using missing texture, unable to load: morereliquaries:textures/blocks/ore_divine.png
2014-07-25 01:42:38 [CLIENT] [INFO] Reloading ResourceManager: Default, FMLFileResourcePack:Forge Mod Loader, FMLFileResourcePack:Minecraft Forge, FMLFileResourcePack:More Reliquaries
2014-07-25 01:42:38 [CLIENT] [SEVERE] Using missing texture, unable to load: morereliquaries:textures/blocks/ore_divine.png
2014-07-25 01:42:39 [CLIENT] [SEVERE] Realms: Server not available!
2014-07-25 01:51:49 [CLIENT] [INFO] Setting user: Player601
2014-07-25 01:51:50 [CLIENT] [INFO] LWJGL Version: 2.9.0
2014-07-25 01:51:50 [CLIENT] [INFO] Reloading ResourceManager: Default
2014-07-25 01:51:52 [CLIENT] [INFO] Reloading ResourceManager: Default, FMLFileResourcePack:Forge Mod Loader, FMLFileResourcePack:Minecraft Forge, FMLFileResourcePack:More Reliquaries
2014-07-25 01:51:53 [CLIENT] [SEVERE] Using missing texture, unable to load: morereliquaries:textures/blocks/divine_grass_top.png
2014-07-25 01:51:53 [CLIENT] [SEVERE] Using missing texture, unable to load: morereliquaries:textures/blocks/ore_divine.png
2014-07-25 01:51:53 [CLIENT] [SEVERE] Using missing texture, unable to load: morereliquaries:textures/blocks/divine_grass_side.png
2014-07-25 01:51:53 [CLIENT] [INFO] Reloading ResourceManager: Default, FMLFileResourcePack:Forge Mod Loader, FMLFileResourcePack:Minecraft Forge, FMLFileResourcePack:More Reliquaries
2014-07-25 01:51:53 [CLIENT] [SEVERE] Using missing texture, unable to load: morereliquaries:textures/blocks/divine_grass_top.png
2014-07-25 01:51:53 [CLIENT] [SEVERE] Using missing texture, unable to load: morereliquaries:textures/blocks/ore_divine.png
2014-07-25 01:51:53 [CLIENT] [SEVERE] Using missing texture, unable to load: morereliquaries:textures/blocks/divine_grass_side.png
2014-07-25 01:51:55 [CLIENT] [SEVERE] Realms: Server not available!
2014-07-25 01:53:39 [CLIENT] [INFO] Setting user: Player464
2014-07-25 01:53:40 [CLIENT] [INFO] LWJGL Version: 2.9.0
2014-07-25 01:53:40 [CLIENT] [INFO] Reloading ResourceManager: Default
2014-07-25 01:53:42 [CLIENT] [INFO] Reloading ResourceManager: Default, FMLFileResourcePack:Forge Mod Loader, FMLFileResourcePack:Minecraft Forge, FMLFileResourcePack:More Reliquaries
2014-07-25 01:53:42 [CLIENT] [SEVERE] Using missing texture, unable to load: morereliquaries:textures/blocks/divine_grass_top.png
2014-07-25 01:53:43 [CLIENT] [SEVERE] Using missing texture, unable to load: morereliquaries:textures/blocks/ore_divine.png
2014-07-25 01:53:43 [CLIENT] [SEVERE] Using missing texture, unable to load: morereliquaries:textures/blocks/divine_grass_side.png
2014-07-25 01:53:43 [CLIENT] [INFO] Reloading ResourceManager: Default, FMLFileResourcePack:Forge Mod Loader, FMLFileResourcePack:Minecraft Forge, FMLFileResourcePack:More Reliquaries
2014-07-25 01:53:43 [CLIENT] [SEVERE] Using missing texture, unable to load: morereliquaries:textures/blocks/divine_grass_top.png
2014-07-25 01:53:43 [CLIENT] [SEVERE] Using missing texture, unable to load: morereliquaries:textures/blocks/ore_divine.png
2014-07-25 01:53:43 [CLIENT] [SEVERE] Using missing texture, unable to load: morereliquaries:textures/blocks/divine_grass_side.png
2014-07-25 01:53:44 [CLIENT] [SEVERE] Realms: Server not available!
2014-07-25 01:54:46 [CLIENT] [INFO] Setting user: Player489
2014-07-25 01:54:47 [CLIENT] [INFO] LWJGL Version: 2.9.0
2014-07-25 01:54:47 [CLIENT] [INFO] Reloading ResourceManager: Default
2014-07-25 01:54:49 [CLIENT] [INFO] Reloading ResourceManager: Default, FMLFileResourcePack:Forge Mod Loader, FMLFileResourcePack:Minecraft Forge, FMLFileResourcePack:More Reliquaries
2014-07-25 01:54:50 [CLIENT] [SEVERE] Using missing texture, unable to load: morereliquaries:textures/blocks/divine_grass_top.png
2014-07-25 01:54:50 [CLIENT] [SEVERE] Using missing texture, unable to load: morereliquaries:textures/blocks/ore_divine.png
2014-07-25 01:54:50 [CLIENT] [SEVERE] Using missing texture, unable to load: morereliquaries:textures/blocks/divine_grass_side.png
2014-07-25 01:54:50 [CLIENT] [INFO] Reloading ResourceManager: Default, FMLFileResourcePack:Forge Mod Loader, FMLFileResourcePack:Minecraft Forge, FMLFileResourcePack:More Reliquaries
2014-07-25 01:54:50 [CLIENT] [SEVERE] Using missing texture, unable to load: morereliquaries:textures/blocks/divine_grass_top.png
2014-07-25 01:54:50 [CLIENT] [SEVERE] Using missing texture, unable to load: morereliquaries:textures/blocks/ore_divine.png
2014-07-25 01:54:50 [CLIENT] [SEVERE] Using missing texture, unable to load: morereliquaries:textures/blocks/divine_grass_side.png
2014-07-25 01:54:52 [CLIENT] [SEVERE] Realms: Server not available!
2014-07-25 01:55:48 [CLIENT] [INFO] Setting user: Player378
2014-07-25 01:55:49 [CLIENT] [INFO] LWJGL Version: 2.9.0
2014-07-25 01:55:49 [CLIENT] [INFO] Reloading ResourceManager: Default
2014-07-25 01:55:51 [CLIENT] [INFO] Reloading ResourceManager: Default, FMLFileResourcePack:Forge Mod Loader, FMLFileResourcePack:Minecraft Forge, FMLFileResourcePack:More Reliquaries
2014-07-25 01:55:51 [CLIENT] [SEVERE] Using missing texture, unable to load: morereliquaries:textures/blocks/divine_grass_top.png
2014-07-25 01:55:51 [CLIENT] [SEVERE] Using missing texture, unable to load: morereliquaries:textures/blocks/ore_divine.png
2014-07-25 01:55:51 [CLIENT] [SEVERE] Using missing texture, unable to load: morereliquaries:textures/blocks/divine_grass_side.png
2014-07-25 01:55:52 [CLIENT] [INFO] Reloading ResourceManager: Default, FMLFileResourcePack:Forge Mod Loader, FMLFileResourcePack:Minecraft Forge, FMLFileResourcePack:More Reliquaries
2014-07-25 01:55:52 [CLIENT] [SEVERE] Using missing texture, unable to load: morereliquaries:textures/blocks/divine_grass_top.png
2014-07-25 01:55:52 [CLIENT] [SEVERE] Using missing texture, unable to load: morereliquaries:textures/blocks/ore_divine.png
2014-07-25 01:55:52 [CLIENT] [SEVERE] Using missing texture, unable to load: morereliquaries:textures/blocks/divine_grass_side.png
2014-07-25 01:55:53 [CLIENT] [SEVERE] Realms: Server not available!
2014-07-25 01:55:58 [CLIENT] [INFO] Setting user: Player624
2014-07-25 01:55:59 [CLIENT] [INFO] LWJGL Version: 2.9.0
2014-07-25 01:55:59 [CLIENT] [INFO] Reloading ResourceManager: Default
2014-07-25 01:56:01 [CLIENT] [INFO] Reloading ResourceManager: Default, FMLFileResourcePack:Forge Mod Loader, FMLFileResourcePack:Minecraft Forge, FMLFileResourcePack:More Reliquaries
2014-07-25 01:56:02 [CLIENT] [SEVERE] Using missing texture, unable to load: morereliquaries:textures/blocks/divine_grass_top.png
2014-07-25 01:56:02 [CLIENT] [SEVERE] Using missing texture, unable to load: morereliquaries:textures/blocks/ore_divine.png
2014-07-25 01:56:02 [CLIENT] [SEVERE] Using missing texture, unable to load: morereliquaries:textures/blocks/divine_grass_side.png
2014-07-25 01:56:02 [CLIENT] [INFO] Reloading ResourceManager: Default, FMLFileResourcePack:Forge Mod Loader, FMLFileResourcePack:Minecraft Forge, FMLFileResourcePack:More Reliquaries
2014-07-25 01:56:02 [CLIENT] [SEVERE] Using missing texture, unable to load: morereliquaries:textures/blocks/divine_grass_top.png
2014-07-25 01:56:02 [CLIENT] [SEVERE] Using missing texture, unable to load: morereliquaries:textures/blocks/ore_divine.png
2014-07-25 01:56:02 [CLIENT] [SEVERE] Using missing texture, unable to load: morereliquaries:textures/blocks/divine_grass_side.png
2014-07-25 01:56:03 [CLIENT] [SEVERE] Realms: Server not available!
2014-07-25 01:57:52 [CLIENT] [INFO] Setting user: Player958
2014-07-25 01:57:52 [CLIENT] [INFO] LWJGL Version: 2.9.0
2014-07-25 01:57:52 [CLIENT] [INFO] Reloading ResourceManager: Default
2014-07-25 01:57:55 [CLIENT] [INFO] Reloading ResourceManager: Default, FMLFileResourcePack:Forge Mod Loader, FMLFileResourcePack:Minecraft Forge, FMLFileResourcePack:More Reliquaries
2014-07-25 01:57:55 [CLIENT] [SEVERE] Using missing texture, unable to load: morereliquaries:textures/blocks/divine_grass_top.png
2014-07-25 01:57:55 [CLIENT] [SEVERE] Using missing texture, unable to load: morereliquaries:textures/blocks/ore_divine.png
2014-07-25 01:57:55 [CLIENT] [SEVERE] Using missing texture, unable to load: morereliquaries:textures/blocks/divine_grass_side.png
2014-07-25 01:57:55 [CLIENT] [INFO] Reloading ResourceManager: Default, FMLFileResourcePack:Forge Mod Loader, FMLFileResourcePack:Minecraft Forge, FMLFileResourcePack:More Reliquaries
2014-07-25 01:57:55 [CLIENT] [SEVERE] Using missing texture, unable to load: morereliquaries:textures/blocks/divine_grass_top.png
2014-07-25 01:57:55 [CLIENT] [SEVERE] Using missing texture, unable to load: morereliquaries:textures/blocks/ore_divine.png
2014-07-25 01:57:55 [CLIENT] [SEVERE] Using missing texture, unable to load: morereliquaries:textures/blocks/divine_grass_side.png
2014-07-25 01:57:56 [CLIENT] [SEVERE] Realms: Server not available!
2014-07-25 02:00:43 [CLIENT] [INFO] Setting user: Player808
2014-07-25 02:00:44 [CLIENT] [INFO] LWJGL Version: 2.9.0
2014-07-25 02:00:44 [CLIENT] [INFO] Reloading ResourceManager: Default
2014-07-25 02:00:46 [CLIENT] [INFO] Reloading ResourceManager: Default, FMLFileResourcePack:Forge Mod Loader, FMLFileResourcePack:Minecraft Forge, FMLFileResourcePack:More Reliquaries
2014-07-25 02:00:47 [CLIENT] [SEVERE] Using missing texture, unable to load: morereliquaries:textures/blocks/divine_grass_top.png
2014-07-25 02:00:47 [CLIENT] [SEVERE] Using missing texture, unable to load: morereliquaries:textures/blocks/ore_divine.png
2014-07-25 02:00:47 [CLIENT] [SEVERE] Using missing texture, unable to load: morereliquaries:textures/blocks/divine_grass_side.png
2014-07-25 02:00:47 [CLIENT] [INFO] Reloading ResourceManager: Default, FMLFileResourcePack:Forge Mod Loader, FMLFileResourcePack:Minecraft Forge, FMLFileResourcePack:More Reliquaries
2014-07-25 02:00:47 [CLIENT] [SEVERE] Using missing texture, unable to load: morereliquaries:textures/blocks/divine_grass_top.png
2014-07-25 02:00:47 [CLIENT] [SEVERE] Using missing texture, unable to load: morereliquaries:textures/blocks/ore_divine.png
2014-07-25 02:00:47 [CLIENT] [SEVERE] Using missing texture, unable to load: morereliquaries:textures/blocks/divine_grass_side.png
2014-07-25 02:00:49 [CLIENT] [SEVERE] Realms: Server not available!
2014-07-25 02:12:11 [CLIENT] [INFO] Setting user: Player54
2014-07-25 02:12:11 [CLIENT] [INFO] LWJGL Version: 2.9.0
2014-07-25 02:12:12 [CLIENT] [INFO] Reloading ResourceManager: Default
2014-07-25 02:12:14 [CLIENT] [INFO] Reloading ResourceManager: Default, FMLFileResourcePack:Forge Mod Loader, FMLFileResourcePack:Minecraft Forge, FMLFileResourcePack:More Reliquaries
2014-07-25 02:12:14 [CLIENT] [SEVERE] Using missing texture, unable to load: morereliquaries:textures/blocks/divine_grass_top.png
2014-07-25 02:12:14 [CLIENT] [SEVERE] Using missing texture, unable to load: morereliquaries:textures/blocks/ore_divine.png
2014-07-25 02:12:14 [CLIENT] [SEVERE] Using missing texture, unable to load: morereliquaries:textures/blocks/divine_grass_side.png
2014-07-25 02:12:14 [CLIENT] [INFO] Reloading ResourceManager: Default, FMLFileResourcePack:Forge Mod Loader, FMLFileResourcePack:Minecraft Forge, FMLFileResourcePack:More Reliquaries
2014-07-25 02:12:15 [CLIENT] [SEVERE] Using missing texture, unable to load: morereliquaries:textures/blocks/divine_grass_top.png
2014-07-25 02:12:15 [CLIENT] [SEVERE] Using missing texture, unable to load: morereliquaries:textures/blocks/ore_divine.png
2014-07-25 02:12:15 [CLIENT] [SEVERE] Using missing texture, unable to load: morereliquaries:textures/blocks/divine_grass_side.png
2014-07-25 02:12:16 [CLIENT] [SEVERE] Realms: Server not available!
2014-07-25 02:12:36 [CLIENT] [INFO] Reloading ResourceManager: Default, FMLFileResourcePack:Forge Mod Loader, FMLFileResourcePack:Minecraft Forge, FMLFileResourcePack:More Reliquaries
2014-07-25 02:12:36 [CLIENT] [SEVERE] Using missing texture, unable to load: morereliquaries:textures/blocks/divine_grass_top.png
2014-07-25 02:12:36 [CLIENT] [SEVERE] Using missing texture, unable to load: morereliquaries:textures/blocks/ore_divine.png
2014-07-25 02:12:36 [CLIENT] [SEVERE] Using missing texture, unable to load: morereliquaries:textures/blocks/divine_grass_side.png
2014-07-25 02:16:21 [CLIENT] [INFO] Stopping!
2014-07-25 02:17:22 [CLIENT] [INFO] Setting user: Player944
2014-07-25 02:17:22 [CLIENT] [INFO] LWJGL Version: 2.9.0
2014-07-25 02:17:23 [CLIENT] [INFO] Reloading ResourceManager: Default
2014-07-25 02:17:25 [CLIENT] [INFO] Reloading ResourceManager: Default, FMLFileResourcePack:Forge Mod Loader, FMLFileResourcePack:Minecraft Forge, FMLFileResourcePack:More Reliquaries
2014-07-25 02:17:25 [CLIENT] [SEVERE] Using missing texture, unable to load: morereliquaries:textures/blocks/divine_grass_top.png
2014-07-25 02:17:25 [CLIENT] [SEVERE] Using missing texture, unable to load: morereliquaries:textures/blocks/ore_divine.png
2014-07-25 02:17:25 [CLIENT] [SEVERE] Using missing texture, unable to load: morereliquaries:textures/blocks/divine_grass_side.png
2014-07-25 02:17:25 [CLIENT] [INFO] Reloading ResourceManager: Default, FMLFileResourcePack:Forge Mod Loader, FMLFileResourcePack:Minecraft Forge, FMLFileResourcePack:More Reliquaries
2014-07-25 02:17:26 [CLIENT] [SEVERE] Using missing texture, unable to load: morereliquaries:textures/blocks/divine_grass_top.png
2014-07-25 02:17:26 [CLIENT] [SEVERE] Using missing texture, unable to load: morereliquaries:textures/blocks/ore_divine.png
2014-07-25 02:17:26 [CLIENT] [SEVERE] Using missing texture, unable to load: morereliquaries:textures/blocks/divine_grass_side.png
2014-07-25 02:17:27 [CLIENT] [SEVERE] Realms: Server not available!
2014-07-25 02:18:20 [CLIENT] [INFO] Stopping!
2014-07-25 02:18:36 [CLIENT] [INFO] Setting user: Player462
2014-07-25 02:18:37 [CLIENT] [INFO] LWJGL Version: 2.9.0
2014-07-25 02:18:37 [CLIENT] [INFO] Reloading ResourceManager: Default
2014-07-25 02:18:39 [CLIENT] [INFO] Reloading ResourceManager: Default, FMLFileResourcePack:Forge Mod Loader, FMLFileResourcePack:Minecraft Forge, FMLFileResourcePack:More Reliquaries
2014-07-25 02:18:39 [CLIENT] [SEVERE] Using missing texture, unable to load: morereliquaries:textures/blocks/divine_grass_top.png
2014-07-25 02:18:40 [CLIENT] [SEVERE] Using missing texture, unable to load: morereliquaries:textures/blocks/ore_divine.png
2014-07-25 02:18:40 [CLIENT] [SEVERE] Using missing texture, unable to load: morereliquaries:textures/blocks/divine_grass_side.png
2014-07-25 02:18:40 [CLIENT] [INFO] Reloading ResourceManager: Default, FMLFileResourcePack:Forge Mod Loader, FMLFileResourcePack:Minecraft Forge, FMLFileResourcePack:More Reliquaries
2014-07-25 02:18:40 [CLIENT] [SEVERE] Using missing texture, unable to load: morereliquaries:textures/blocks/divine_grass_top.png
2014-07-25 02:18:40 [CLIENT] [SEVERE] Using missing texture, unable to load: morereliquaries:textures/blocks/ore_divine.png
2014-07-25 02:18:40 [CLIENT] [SEVERE] Using missing texture, unable to load: morereliquaries:textures/blocks/divine_grass_side.png
2014-07-25 02:18:41 [CLIENT] [SEVERE] Realms: Server not available!
2014-07-25 02:19:27 [CLIENT] [INFO] Stopping!
2014-07-25 02:19:30 [CLIENT] [INFO] Setting user: Player885
2014-07-25 02:19:30 [CLIENT] [INFO] LWJGL Version: 2.9.0
2014-07-25 02:19:30 [CLIENT] [INFO] Reloading ResourceManager: Default
2014-07-25 02:19:33 [CLIENT] [INFO] Reloading ResourceManager: Default, FMLFileResourcePack:Forge Mod Loader, FMLFileResourcePack:Minecraft Forge, FMLFileResourcePack:More Reliquaries
2014-07-25 02:19:33 [CLIENT] [SEVERE] Using missing texture, unable to load: morereliquaries:textures/blocks/divine_grass_top.png
2014-07-25 02:19:33 [CLIENT] [SEVERE] Using missing texture, unable to load: morereliquaries:textures/blocks/ore_divine.png
2014-07-25 02:19:33 [CLIENT] [SEVERE] Using missing texture, unable to load: morereliquaries:textures/blocks/divine_grass_side.png
2014-07-25 02:19:33 [CLIENT] [INFO] Reloading ResourceManager: Default, FMLFileResourcePack:Forge Mod Loader, FMLFileResourcePack:Minecraft Forge, FMLFileResourcePack:More Reliquaries
2014-07-25 02:19:33 [CLIENT] [SEVERE] Using missing texture, unable to load: morereliquaries:textures/blocks/divine_grass_top.png
2014-07-25 02:19:33 [CLIENT] [SEVERE] Using missing texture, unable to load: morereliquaries:textures/blocks/ore_divine.png
2014-07-25 02:19:33 [CLIENT] [SEVERE] Using missing texture, unable to load: morereliquaries:textures/blocks/divine_grass_side.png
2014-07-25 02:19:35 [CLIENT] [SEVERE] Realms: Server not available!
2014-07-25 02:33:27 [CLIENT] [INFO] Stopping!
